This file contains any messages produced by compilers while
running configure, to aid debugging if configure makes a mistake.

It was created by barnyard2 configure 1.14, which was
generated by GNU Autoconf 2.69.  Invocation command line was

  $ ./configure --with-mysql --with-mysql-libraries=/usr/lib/x86_64-linux-gnu

## --------- ##
## Platform. ##
## --------- ##

hostname = anushapc
uname -m = x86_64
uname -r = 3.13.0-63-generic
uname -s = Linux
uname -v = #103-Ubuntu SMP Fri Aug 14 21:42:59 UTC 2015

/usr/bin/uname -p = unknown
/bin/uname -X     = unknown

/bin/arch              = unknown
/usr/bin/arch -k       = unknown
/usr/convex/getsysinfo = unknown
/usr/bin/hostinfo      = unknown
/bin/machine           = unknown
/usr/bin/oslevel       = unknown
/bin/universe          = unknown

PATH: /main/Applications/anaconda/bin
PATH: /home/anusha/anaconda/bin
PATH: /home/anusha/.rvm/gems/jruby-1.7.2/bin
PATH: /home/anusha/.rvm/gems/jruby-1.7.2@global/bin
PATH: /home/anusha/.rvm/rubies/jruby-1.7.2/bin
PATH: /usr/local/sbin
PATH: /usr/local/bin
PATH: /usr/sbin
PATH: /usr/bin
PATH: /sbin
PATH: /bin
PATH: /usr/games
PATH: /usr/local/games
PATH: /home/anusha/.rvm/bin
PATH: /home/anusha/.rvm/bin


## ----------- ##
## Core tests. ##
## ----------- ##

configure:2554: checking for a BSD-compatible install
configure:2622: result: /usr/bin/install -c
configure:2633: checking whether build environment is sane
configure:2688: result: yes
configure:2839: checking for a thread-safe mkdir -p
configure:2878: result: /bin/mkdir -p
configure:2885: checking for gawk
configure:2901: found /usr/bin/gawk
configure:2912: result: gawk
configure:2923: checking whether make sets $(MAKE)
configure:2945: result: yes
configure:2974: checking whether make supports nested variables
configure:2991: result: yes
configure:3147: checking build system type
configure:3161: result: x86_64-unknown-linux-gnu
configure:3181: checking host system type
configure:3194: result: x86_64-unknown-linux-gnu
configure:3235: checking how to print strings
configure:3262: result: printf
configure:3295: checking for style of include used by make
configure:3323: result: GNU
configure:3394: checking for gcc
configure:3410: found /usr/bin/gcc
configure:3421: result: gcc
configure:3650: checking for C compiler version
configure:3659: gcc --version >&5
gcc (Ubuntu 4.8.4-2ubuntu1~14.04) 4.8.4
Copyright (C) 2013 Free Software Foundation, Inc.
This is free software; see the source for copying conditions.  There is NO
warranty; not even for MERCHANTABILITY or FITNESS FOR A PARTICULAR PURPOSE.

configure:3670: $? = 0
configure:3659: gcc -v >&5
Using built-in specs.
COLLECT_GCC=gcc
COLLECT_LTO_WRAPPER=/usr/lib/gcc/x86_64-linux-gnu/4.8/lto-wrapper
Target: x86_64-linux-gnu
Configured with: ../src/configure -v --with-pkgversion='Ubuntu 4.8.4-2ubuntu1~14.04' --with-bugurl=file:///usr/share/doc/gcc-4.8/README.Bugs --enable-languages=c,c++,java,go,d,fortran,objc,obj-c++ --prefix=/usr --program-suffix=-4.8 --enable-shared --enable-linker-build-id --libexecdir=/usr/lib --without-included-gettext --enable-threads=posix --with-gxx-include-dir=/usr/include/c++/4.8 --libdir=/usr/lib --enable-nls --with-sysroot=/ --enable-clocale=gnu --enable-libstdcxx-debug --enable-libstdcxx-time=yes --enable-gnu-unique-object --disable-libmudflap --enable-plugin --with-system-zlib --disable-browser-plugin --enable-java-awt=gtk --enable-gtk-cairo --with-java-home=/usr/lib/jvm/java-1.5.0-gcj-4.8-amd64/jre --enable-java-home --with-jvm-root-dir=/usr/lib/jvm/java-1.5.0-gcj-4.8-amd64 --with-jvm-jar-dir=/usr/lib/jvm-exports/java-1.5.0-gcj-4.8-amd64 --with-arch-directory=amd64 --with-ecj-jar=/usr/share/java/eclipse-ecj.jar --enable-objc-gc --enable-multiarch --disable-werror --with-arch-32=i686 --with-abi=m64 --with-multilib-list=m32,m64,mx32 --with-tune=generic --enable-checking=release --build=x86_64-linux-gnu --host=x86_64-linux-gnu --target=x86_64-linux-gnu
Thread model: posix
gcc version 4.8.4 (Ubuntu 4.8.4-2ubuntu1~14.04) 
configure:3670: $? = 0
configure:3659: gcc -V >&5
gcc: error: unrecognized command line option '-V'
gcc: fatal error: no input files
compilation terminated.
configure:3670: $? = 4
configure:3659: gcc -qversion >&5
gcc: error: unrecognized command line option '-qversion'
gcc: fatal error: no input files
compilation terminated.
configure:3670: $? = 4
configure:3690: checking whether the C compiler works
configure:3712: gcc    conftest.c  >&5
configure:3716: $? = 0
configure:3764: result: yes
configure:3767: checking for C compiler default output file name
configure:3769: result: a.out
configure:3775: checking for suffix of executables
configure:3782: gcc -o conftest    conftest.c  >&5
configure:3786: $? = 0
configure:3808: result: 
configure:3830: checking whether we are cross compiling
configure:3838: gcc -o conftest    conftest.c  >&5
configure:3842: $? = 0
configure:3849: ./conftest
configure:3853: $? = 0
configure:3868: result: no
configure:3873: checking for suffix of object files
configure:3895: gcc -c   conftest.c >&5
configure:3899: $? = 0
configure:3920: result: o
configure:3924: checking whether we are using the GNU C compiler
configure:3943: gcc -c   conftest.c >&5
configure:3943: $? = 0
configure:3952: result: yes
configure:3961: checking whether gcc accepts -g
configure:3981: gcc -c -g  conftest.c >&5
configure:3981: $? = 0
configure:4022: result: yes
configure:4039: checking for gcc option to accept ISO C89
configure:4102: gcc  -c -g -O2  conftest.c >&5
configure:4102: $? = 0
configure:4115: result: none needed
configure:4140: checking whether gcc understands -c and -o together
configure:4162: gcc -c conftest.c -o conftest2.o
configure:4165: $? = 0
configure:4162: gcc -c conftest.c -o conftest2.o
configure:4165: $? = 0
configure:4177: result: yes
configure:4196: checking dependency style of gcc
configure:4307: result: none
configure:4322: checking for a sed that does not truncate output
configure:4386: result: /bin/sed
configure:4404: checking for grep that handles long lines and -e
configure:4462: result: /bin/grep
configure:4467: checking for egrep
configure:4529: result: /bin/grep -E
configure:4534: checking for fgrep
configure:4596: result: /bin/grep -F
configure:4631: checking for ld used by gcc
configure:4698: result: /usr/bin/ld
configure:4705: checking if the linker (/usr/bin/ld) is GNU ld
configure:4720: result: yes
configure:4732: checking for BSD- or MS-compatible name lister (nm)
configure:4781: result: /usr/bin/nm -B
configure:4911: checking the name lister (/usr/bin/nm -B) interface
configure:4918: gcc -c -g -O2  conftest.c >&5
configure:4921: /usr/bin/nm -B "conftest.o"
configure:4924: output
0000000000000000 B some_variable
configure:4931: result: BSD nm
configure:4934: checking whether ln -s works
configure:4938: result: yes
configure:4946: checking the maximum length of command line arguments
configure:5077: result: 1572864
configure:5094: checking whether the shell understands some XSI constructs
configure:5104: result: yes
configure:5108: checking whether the shell understands "+="
configure:5114: result: yes
configure:5149: checking how to convert x86_64-unknown-linux-gnu file names to x86_64-unknown-linux-gnu format
configure:5189: result: func_convert_file_noop
configure:5196: checking how to convert x86_64-unknown-linux-gnu file names to toolchain format
configure:5216: result: func_convert_file_noop
configure:5223: checking for /usr/bin/ld option to reload object files
configure:5230: result: -r
configure:5304: checking for objdump
configure:5320: found /usr/bin/objdump
configure:5331: result: objdump
configure:5363: checking how to recognize dependent libraries
configure:5561: result: pass_all
configure:5646: checking for dlltool
configure:5676: result: no
configure:5706: checking how to associate runtime and link libraries
configure:5733: result: printf %s\n
configure:5794: checking for ar
configure:5810: found /usr/bin/ar
configure:5821: result: ar
configure:5858: checking for archiver @FILE support
configure:5875: gcc -c -g -O2  conftest.c >&5
configure:5875: $? = 0
configure:5878: ar cru libconftest.a @conftest.lst >&5
configure:5881: $? = 0
configure:5886: ar cru libconftest.a @conftest.lst >&5
ar: conftest.o: No such file or directory
configure:5889: $? = 1
configure:5901: result: @
configure:5959: checking for strip
configure:5975: found /usr/bin/strip
configure:5986: result: strip
configure:6058: checking for ranlib
configure:6074: found /usr/bin/ranlib
configure:6085: result: ranlib
configure:6187: checking command to parse /usr/bin/nm -B output from gcc object
configure:6307: gcc -c -g -O2  conftest.c >&5
configure:6310: $? = 0
configure:6314: /usr/bin/nm -B conftest.o \| sed -n -e 's/^.*[ ]\([ABCDGIRSTW][ABCDGIRSTW]*\)[ ][ ]*\([_A-Za-z][_A-Za-z0-9]*\)$/\1 \2 \2/p' | sed '/ __gnu_lto/d' \> conftest.nm
configure:6317: $? = 0
configure:6383: gcc -o conftest -g -O2   conftest.c conftstm.o >&5
configure:6386: $? = 0
configure:6424: result: ok
configure:6461: checking for sysroot
configure:6491: result: no
configure:6568: gcc -c -g -O2  conftest.c >&5
configure:6571: $? = 0
configure:6760: checking for mt
configure:6776: found /bin/mt
configure:6787: result: mt
configure:6810: checking if mt is a manifest tool
configure:6816: mt '-?'
configure:6824: result: no
configure:7466: checking how to run the C preprocessor
configure:7497: gcc -E  conftest.c
configure:7497: $? = 0
configure:7511: gcc -E  conftest.c
conftest.c:11:28: fatal error: ac_nonexistent.h: No such file or directory
 #include <ac_nonexistent.h>
                            ^
compilation terminated.
configure:7511: $? = 1
configure: failed program was:
| /* confdefs.h */
| #define PACKAGE_NAME "barnyard2"
| #define PACKAGE_TARNAME "barnyard2"
| #define PACKAGE_VERSION "1.14"
| #define PACKAGE_STRING "barnyard2 1.14"
| #define PACKAGE_BUGREPORT ""
| #define PACKAGE_URL ""
| #define PACKAGE "barnyard2"
| #define VERSION "1.14"
| /* end confdefs.h.  */
| #include <ac_nonexistent.h>
configure:7536: result: gcc -E
configure:7556: gcc -E  conftest.c
configure:7556: $? = 0
configure:7570: gcc -E  conftest.c
conftest.c:11:28: fatal error: ac_nonexistent.h: No such file or directory
 #include <ac_nonexistent.h>
                            ^
compilation terminated.
configure:7570: $? = 1
configure: failed program was:
| /* confdefs.h */
| #define PACKAGE_NAME "barnyard2"
| #define PACKAGE_TARNAME "barnyard2"
| #define PACKAGE_VERSION "1.14"
| #define PACKAGE_STRING "barnyard2 1.14"
| #define PACKAGE_BUGREPORT ""
| #define PACKAGE_URL ""
| #define PACKAGE "barnyard2"
| #define VERSION "1.14"
| /* end confdefs.h.  */
| #include <ac_nonexistent.h>
configure:7599: checking for ANSI C header files
configure:7619: gcc -c -g -O2  conftest.c >&5
configure:7619: $? = 0
configure:7692: gcc -o conftest -g -O2   conftest.c  >&5
configure:7692: $? = 0
configure:7692: ./conftest
configure:7692: $? = 0
configure:7703: result: yes
configure:7716: checking for sys/types.h
configure:7716: gcc -c -g -O2  conftest.c >&5
configure:7716: $? = 0
configure:7716: result: yes
configure:7716: checking for sys/stat.h
configure:7716: gcc -c -g -O2  conftest.c >&5
configure:7716: $? = 0
configure:7716: result: yes
configure:7716: checking for stdlib.h
configure:7716: gcc -c -g -O2  conftest.c >&5
configure:7716: $? = 0
configure:7716: result: yes
configure:7716: checking for string.h
configure:7716: gcc -c -g -O2  conftest.c >&5
configure:7716: $? = 0
configure:7716: result: yes
configure:7716: checking for memory.h
configure:7716: gcc -c -g -O2  conftest.c >&5
configure:7716: $? = 0
configure:7716: result: yes
configure:7716: checking for strings.h
configure:7716: gcc -c -g -O2  conftest.c >&5
configure:7716: $? = 0
configure:7716: result: yes
configure:7716: checking for inttypes.h
configure:7716: gcc -c -g -O2  conftest.c >&5
configure:7716: $? = 0
configure:7716: result: yes
configure:7716: checking for stdint.h
configure:7716: gcc -c -g -O2  conftest.c >&5
configure:7716: $? = 0
configure:7716: result: yes
configure:7716: checking for unistd.h
configure:7716: gcc -c -g -O2  conftest.c >&5
configure:7716: $? = 0
configure:7716: result: yes
configure:7730: checking for dlfcn.h
configure:7730: gcc -c -g -O2  conftest.c >&5
configure:7730: $? = 0
configure:7730: result: yes
configure:7936: checking for objdir
configure:7951: result: .libs
configure:8222: checking if gcc supports -fno-rtti -fno-exceptions
configure:8240: gcc -c -g -O2  -fno-rtti -fno-exceptions conftest.c >&5
cc1: warning: command line option '-fno-rtti' is valid for C++/ObjC++ but not for C [enabled by default]
configure:8244: $? = 0
configure:8257: result: no
configure:8584: checking for gcc option to produce PIC
configure:8591: result: -fPIC -DPIC
configure:8599: checking if gcc PIC flag -fPIC -DPIC works
configure:8617: gcc -c -g -O2  -fPIC -DPIC -DPIC conftest.c >&5
configure:8621: $? = 0
configure:8634: result: yes
configure:8663: checking if gcc static flag -static works
configure:8691: result: yes
configure:8706: checking if gcc supports -c -o file.o
configure:8727: gcc -c -g -O2  -o out/conftest2.o conftest.c >&5
configure:8731: $? = 0
configure:8753: result: yes
configure:8761: checking if gcc supports -c -o file.o
configure:8808: result: yes
configure:8841: checking whether the gcc linker (/usr/bin/ld -m elf_x86_64) supports shared libraries
configure:9998: result: yes
configure:10035: checking whether -lc should be explicitly linked in
configure:10043: gcc -c -g -O2  conftest.c >&5
configure:10046: $? = 0
configure:10061: gcc -shared  -fPIC -DPIC conftest.o  -v -Wl,-soname -Wl,conftest -o conftest 2\>\&1 \| /bin/grep  -lc  \>/dev/null 2\>\&1
configure:10064: $? = 0
configure:10078: result: no
configure:10238: checking dynamic linker characteristics
configure:10738: gcc -o conftest -g -O2   -Wl,-rpath -Wl,/foo conftest.c  >&5
configure:10738: $? = 0
configure:10972: result: GNU/Linux ld.so
configure:11079: checking how to hardcode library paths into programs
configure:11104: result: immediate
configure:11644: checking whether stripping libraries is possible
configure:11649: result: yes
configure:11684: checking if libtool supports shared libraries
configure:11686: result: yes
configure:11689: checking whether to build shared libraries
configure:11710: result: yes
configure:11713: checking whether to build static libraries
configure:11717: result: yes
configure:11768: checking whether to enable maintainer-specific portions of Makefiles
configure:11777: result: no
configure:11794: checking for gcc option to accept ISO C99
configure:11943: gcc  -c -g -O2  conftest.c >&5
conftest.c:73:29: error: expected ';', ',' or ')' before 'text'
 test_restrict (ccp restrict text)
                             ^
conftest.c: In function 'main':
conftest.c:127:18: error: expected '=', ',', ';', 'asm' or '__attribute__' before 'newvar'
   char *restrict newvar = "Another string";
                  ^
conftest.c:127:18: error: 'newvar' undeclared (first use in this function)
conftest.c:127:18: note: each undeclared identifier is reported only once for each function it appears in
conftest.c:137:3: error: 'for' loop initial declarations are only allowed in C99 mode
   for (int i = 0; i < ia->datasize; ++i)
   ^
conftest.c:137:3: note: use option -std=c99 or -std=gnu99 to compile your code
configure:11943: $? = 1
configure: failed program was:
| /* confdefs.h */
| #define PACKAGE_NAME "barnyard2"
| #define PACKAGE_TARNAME "barnyard2"
| #define PACKAGE_VERSION "1.14"
| #define PACKAGE_STRING "barnyard2 1.14"
| #define PACKAGE_BUGREPORT ""
| #define PACKAGE_URL ""
| #define PACKAGE "barnyard2"
| #define VERSION "1.14"
| #define STDC_HEADERS 1
| #define HAVE_SYS_TYPES_H 1
| #define HAVE_SYS_STAT_H 1
| #define HAVE_STDLIB_H 1
| #define HAVE_STRING_H 1
| #define HAVE_MEMORY_H 1
| #define HAVE_STRINGS_H 1
| #define HAVE_INTTYPES_H 1
| #define HAVE_STDINT_H 1
| #define HAVE_UNISTD_H 1
| #define HAVE_DLFCN_H 1
| #define LT_OBJDIR ".libs/"
| /* end confdefs.h.  */
| #include <stdarg.h>
| #include <stdbool.h>
| #include <stdlib.h>
| #include <wchar.h>
| #include <stdio.h>
| 
| // Check varargs macros.  These examples are taken from C99 6.10.3.5.
| #define debug(...) fprintf (stderr, __VA_ARGS__)
| #define showlist(...) puts (#__VA_ARGS__)
| #define report(test,...) ((test) ? puts (#test) : printf (__VA_ARGS__))
| static void
| test_varargs_macros (void)
| {
|   int x = 1234;
|   int y = 5678;
|   debug ("Flag");
|   debug ("X = %d\n", x);
|   showlist (The first, second, and third items.);
|   report (x>y, "x is %d but y is %d", x, y);
| }
| 
| // Check long long types.
| #define BIG64 18446744073709551615ull
| #define BIG32 4294967295ul
| #define BIG_OK (BIG64 / BIG32 == 4294967297ull && BIG64 % BIG32 == 0)
| #if !BIG_OK
|   your preprocessor is broken;
| #endif
| #if BIG_OK
| #else
|   your preprocessor is broken;
| #endif
| static long long int bignum = -9223372036854775807LL;
| static unsigned long long int ubignum = BIG64;
| 
| struct incomplete_array
| {
|   int datasize;
|   double data[];
| };
| 
| struct named_init {
|   int number;
|   const wchar_t *name;
|   double average;
| };
| 
| typedef const char *ccp;
| 
| static inline int
| test_restrict (ccp restrict text)
| {
|   // See if C++-style comments work.
|   // Iterate through items via the restricted pointer.
|   // Also check for declarations in for loops.
|   for (unsigned int i = 0; *(text+i) != '\0'; ++i)
|     continue;
|   return 0;
| }
| 
| // Check varargs and va_copy.
| static void
| test_varargs (const char *format, ...)
| {
|   va_list args;
|   va_start (args, format);
|   va_list args_copy;
|   va_copy (args_copy, args);
| 
|   const char *str;
|   int number;
|   float fnumber;
| 
|   while (*format)
|     {
|       switch (*format++)
| 	{
| 	case 's': // string
| 	  str = va_arg (args_copy, const char *);
| 	  break;
| 	case 'd': // int
| 	  number = va_arg (args_copy, int);
| 	  break;
| 	case 'f': // float
| 	  fnumber = va_arg (args_copy, double);
| 	  break;
| 	default:
| 	  break;
| 	}
|     }
|   va_end (args_copy);
|   va_end (args);
| }
| 
| int
| main ()
| {
| 
|   // Check bool.
|   _Bool success = false;
| 
|   // Check restrict.
|   if (test_restrict ("String literal") == 0)
|     success = true;
|   char *restrict newvar = "Another string";
| 
|   // Check varargs.
|   test_varargs ("s, d' f .", "string", 65, 34.234);
|   test_varargs_macros ();
| 
|   // Check flexible array members.
|   struct incomplete_array *ia =
|     malloc (sizeof (struct incomplete_array) + (sizeof (double) * 10));
|   ia->datasize = 10;
|   for (int i = 0; i < ia->datasize; ++i)
|     ia->data[i] = i * 1.234;
| 
|   // Check named initializers.
|   struct named_init ni = {
|     .number = 34,
|     .name = L"Test wide string",
|     .average = 543.34343,
|   };
| 
|   ni.number = 58;
| 
|   int dynamic_array[ni.number];
|   dynamic_array[ni.number - 1] = 543;
| 
|   // work around unused variable warnings
|   return (!success || bignum == 0LL || ubignum == 0uLL || newvar[0] == 'x'
| 	  || dynamic_array[ni.number - 1] != 543);
| 
|   ;
|   return 0;
| }
configure:11943: gcc -std=gnu99 -c -g -O2  conftest.c >&5
configure:11943: $? = 0
configure:11963: result: -std=gnu99
configure:12064: checking for gcc -std=gnu99 option to accept ISO Standard C
configure:12078: result: -std=gnu99
configure:12130: checking for gcc
configure:12157: result: gcc
configure:12386: checking for C compiler version
configure:12395: gcc --version >&5
gcc (Ubuntu 4.8.4-2ubuntu1~14.04) 4.8.4
Copyright (C) 2013 Free Software Foundation, Inc.
This is free software; see the source for copying conditions.  There is NO
warranty; not even for MERCHANTABILITY or FITNESS FOR A PARTICULAR PURPOSE.

configure:12406: $? = 0
configure:12395: gcc -v >&5
Using built-in specs.
COLLECT_GCC=gcc
COLLECT_LTO_WRAPPER=/usr/lib/gcc/x86_64-linux-gnu/4.8/lto-wrapper
Target: x86_64-linux-gnu
Configured with: ../src/configure -v --with-pkgversion='Ubuntu 4.8.4-2ubuntu1~14.04' --with-bugurl=file:///usr/share/doc/gcc-4.8/README.Bugs --enable-languages=c,c++,java,go,d,fortran,objc,obj-c++ --prefix=/usr --program-suffix=-4.8 --enable-shared --enable-linker-build-id --libexecdir=/usr/lib --without-included-gettext --enable-threads=posix --with-gxx-include-dir=/usr/include/c++/4.8 --libdir=/usr/lib --enable-nls --with-sysroot=/ --enable-clocale=gnu --enable-libstdcxx-debug --enable-libstdcxx-time=yes --enable-gnu-unique-object --disable-libmudflap --enable-plugin --with-system-zlib --disable-browser-plugin --enable-java-awt=gtk --enable-gtk-cairo --with-java-home=/usr/lib/jvm/java-1.5.0-gcj-4.8-amd64/jre --enable-java-home --with-jvm-root-dir=/usr/lib/jvm/java-1.5.0-gcj-4.8-amd64 --with-jvm-jar-dir=/usr/lib/jvm-exports/java-1.5.0-gcj-4.8-amd64 --with-arch-directory=amd64 --with-ecj-jar=/usr/share/java/eclipse-ecj.jar --enable-objc-gc --enable-multiarch --disable-werror --with-arch-32=i686 --with-abi=m64 --with-multilib-list=m32,m64,mx32 --with-tune=generic --enable-checking=release --build=x86_64-linux-gnu --host=x86_64-linux-gnu --target=x86_64-linux-gnu
Thread model: posix
gcc version 4.8.4 (Ubuntu 4.8.4-2ubuntu1~14.04) 
configure:12406: $? = 0
configure:12395: gcc -V >&5
gcc: error: unrecognized command line option '-V'
gcc: fatal error: no input files
compilation terminated.
configure:12406: $? = 4
configure:12395: gcc -qversion >&5
gcc: error: unrecognized command line option '-qversion'
gcc: fatal error: no input files
compilation terminated.
configure:12406: $? = 4
configure:12410: checking whether we are using the GNU C compiler
configure:12438: result: yes
configure:12447: checking whether gcc accepts -g
configure:12508: result: yes
configure:12525: checking for gcc option to accept ISO C89
configure:12601: result: none needed
configure:12626: checking whether gcc understands -c and -o together
configure:12663: result: yes
configure:12682: checking dependency style of gcc
configure:12793: result: none
configure:12809: checking whether byte ordering is bigendian
configure:12824: gcc -c -g -O2  conftest.c >&5
conftest.c:24:9: error: unknown type name 'not'
         not a universal capable compiler
         ^
conftest.c:24:15: error: expected '=', ',', ';', 'asm' or '__attribute__' before 'universal'
         not a universal capable compiler
               ^
conftest.c:24:15: error: unknown type name 'universal'
configure:12824: $? = 1
configure: failed program was:
| /* confdefs.h */
| #define PACKAGE_NAME "barnyard2"
| #define PACKAGE_TARNAME "barnyard2"
| #define PACKAGE_VERSION "1.14"
| #define PACKAGE_STRING "barnyard2 1.14"
| #define PACKAGE_BUGREPORT ""
| #define PACKAGE_URL ""
| #define PACKAGE "barnyard2"
| #define VERSION "1.14"
| #define STDC_HEADERS 1
| #define HAVE_SYS_TYPES_H 1
| #define HAVE_SYS_STAT_H 1
| #define HAVE_STDLIB_H 1
| #define HAVE_STRING_H 1
| #define HAVE_MEMORY_H 1
| #define HAVE_STRINGS_H 1
| #define HAVE_INTTYPES_H 1
| #define HAVE_STDINT_H 1
| #define HAVE_UNISTD_H 1
| #define HAVE_DLFCN_H 1
| #define LT_OBJDIR ".libs/"
| /* end confdefs.h.  */
| #ifndef __APPLE_CC__
| 	       not a universal capable compiler
| 	     #endif
| 	     typedef int dummy;
| 
configure:12869: gcc -c -g -O2  conftest.c >&5
configure:12869: $? = 0
configure:12887: gcc -c -g -O2  conftest.c >&5
conftest.c: In function 'main':
conftest.c:30:4: error: unknown type name 'not'
    not big endian
    ^
conftest.c:30:12: error: expected '=', ',', ';', 'asm' or '__attribute__' before 'endian'
    not big endian
            ^
configure:12887: $? = 1
configure: failed program was:
| /* confdefs.h */
| #define PACKAGE_NAME "barnyard2"
| #define PACKAGE_TARNAME "barnyard2"
| #define PACKAGE_VERSION "1.14"
| #define PACKAGE_STRING "barnyard2 1.14"
| #define PACKAGE_BUGREPORT ""
| #define PACKAGE_URL ""
| #define PACKAGE "barnyard2"
| #define VERSION "1.14"
| #define STDC_HEADERS 1
| #define HAVE_SYS_TYPES_H 1
| #define HAVE_SYS_STAT_H 1
| #define HAVE_STDLIB_H 1
| #define HAVE_STRING_H 1
| #define HAVE_MEMORY_H 1
| #define HAVE_STRINGS_H 1
| #define HAVE_INTTYPES_H 1
| #define HAVE_STDINT_H 1
| #define HAVE_UNISTD_H 1
| #define HAVE_DLFCN_H 1
| #define LT_OBJDIR ".libs/"
| /* end confdefs.h.  */
| #include <sys/types.h>
| 		#include <sys/param.h>
| 
| int
| main ()
| {
| #if BYTE_ORDER != BIG_ENDIAN
| 		 not big endian
| 		#endif
| 
|   ;
|   return 0;
| }
configure:13015: result: no
configure:13181: checking for bison
configure:13197: found /usr/bin/bison
configure:13208: result: bison
configure:13232: checking for flex
configure:13248: found /usr/bin/flex
configure:13259: result: flex
configure:13277: checking for strings.h
configure:13277: result: yes
configure:13277: checking for string.h
configure:13277: result: yes
configure:13277: checking for stdlib.h
configure:13277: result: yes
configure:13277: checking for unistd.h
configure:13277: result: yes
configure:13277: checking sys/sockio.h usability
configure:13277: gcc -c -g -O2  conftest.c >&5
conftest.c:62:24: fatal error: sys/sockio.h: No such file or directory
 #include <sys/sockio.h>
                        ^
compilation terminated.
configure:13277: $? = 1
configure: failed program was:
| /* confdefs.h */
| #define PACKAGE_NAME "barnyard2"
| #define PACKAGE_TARNAME "barnyard2"
| #define PACKAGE_VERSION "1.14"
| #define PACKAGE_STRING "barnyard2 1.14"
| #define PACKAGE_BUGREPORT ""
| #define PACKAGE_URL ""
| #define PACKAGE "barnyard2"
| #define VERSION "1.14"
| #define STDC_HEADERS 1
| #define HAVE_SYS_TYPES_H 1
| #define HAVE_SYS_STAT_H 1
| #define HAVE_STDLIB_H 1
| #define HAVE_STRING_H 1
| #define HAVE_MEMORY_H 1
| #define HAVE_STRINGS_H 1
| #define HAVE_INTTYPES_H 1
| #define HAVE_STDINT_H 1
| #define HAVE_UNISTD_H 1
| #define HAVE_DLFCN_H 1
| #define LT_OBJDIR ".libs/"
| #define LINUX 1
| #define PCAP_TIMEOUT_IGNORED 1
| #define HAVE_STRINGS_H 1
| #define HAVE_STRING_H 1
| #define HAVE_STDLIB_H 1
| #define HAVE_UNISTD_H 1
| /* end confdefs.h.  */
| #include <stdio.h>
| #ifdef HAVE_SYS_TYPES_H
| # include <sys/types.h>
| #endif
| #ifdef HAVE_SYS_STAT_H
| # include <sys/stat.h>
| #endif
| #ifdef STDC_HEADERS
| # include <stdlib.h>
| # include <stddef.h>
| #else
| # ifdef HAVE_STDLIB_H
| #  include <stdlib.h>
| # endif
| #endif
| #ifdef HAVE_STRING_H
| # if !defined STDC_HEADERS && defined HAVE_MEMORY_H
| #  include <memory.h>
| # endif
| # include <string.h>
| #endif
| #ifdef HAVE_STRINGS_H
| # include <strings.h>
| #endif
| #ifdef HAVE_INTTYPES_H
| # include <inttypes.h>
| #endif
| #ifdef HAVE_STDINT_H
| # include <stdint.h>
| #endif
| #ifdef HAVE_UNISTD_H
| # include <unistd.h>
| #endif
| #include <sys/sockio.h>
configure:13277: result: no
configure:13277: checking sys/sockio.h presence
configure:13277: gcc -E  conftest.c
conftest.c:29:24: fatal error: sys/sockio.h: No such file or directory
 #include <sys/sockio.h>
                        ^
compilation terminated.
configure:13277: $? = 1
configure: failed program was:
| /* confdefs.h */
| #define PACKAGE_NAME "barnyard2"
| #define PACKAGE_TARNAME "barnyard2"
| #define PACKAGE_VERSION "1.14"
| #define PACKAGE_STRING "barnyard2 1.14"
| #define PACKAGE_BUGREPORT ""
| #define PACKAGE_URL ""
| #define PACKAGE "barnyard2"
| #define VERSION "1.14"
| #define STDC_HEADERS 1
| #define HAVE_SYS_TYPES_H 1
| #define HAVE_SYS_STAT_H 1
| #define HAVE_STDLIB_H 1
| #define HAVE_STRING_H 1
| #define HAVE_MEMORY_H 1
| #define HAVE_STRINGS_H 1
| #define HAVE_INTTYPES_H 1
| #define HAVE_STDINT_H 1
| #define HAVE_UNISTD_H 1
| #define HAVE_DLFCN_H 1
| #define LT_OBJDIR ".libs/"
| #define LINUX 1
| #define PCAP_TIMEOUT_IGNORED 1
| #define HAVE_STRINGS_H 1
| #define HAVE_STRING_H 1
| #define HAVE_STDLIB_H 1
| #define HAVE_UNISTD_H 1
| /* end confdefs.h.  */
| #include <sys/sockio.h>
configure:13277: result: no
configure:13277: checking for sys/sockio.h
configure:13277: result: no
configure:13277: checking paths.h usability
configure:13277: gcc -c -g -O2  conftest.c >&5
configure:13277: $? = 0
configure:13277: result: yes
configure:13277: checking paths.h presence
configure:13277: gcc -E  conftest.c
configure:13277: $? = 0
configure:13277: result: yes
configure:13277: checking for paths.h
configure:13277: result: yes
configure:13277: checking for inttypes.h
configure:13277: result: yes
configure:13277: checking wchar.h usability
configure:13277: gcc -c -g -O2  conftest.c >&5
configure:13277: $? = 0
configure:13277: result: yes
configure:13277: checking wchar.h presence
configure:13277: gcc -E  conftest.c
configure:13277: $? = 0
configure:13277: result: yes
configure:13277: checking for wchar.h
configure:13277: result: yes
configure:13277: checking math.h usability
configure:13277: gcc -c -g -O2  conftest.c >&5
configure:13277: $? = 0
configure:13277: result: yes
configure:13277: checking math.h presence
configure:13277: gcc -E  conftest.c
configure:13277: $? = 0
configure:13277: result: yes
configure:13277: checking for math.h
configure:13277: result: yes
configure:13287: checking for floor in -lm
configure:13312: gcc -o conftest -g -O2   conftest.c -lm   >&5
conftest.c:40:6: warning: conflicting types for built-in function 'floor' [enabled by default]
 char floor ();
      ^
configure:13312: $? = 0
configure:13321: result: yes
configure:13332: checking for ceil in -lm
configure:13357: gcc -o conftest -g -O2   conftest.c -lm  -lm  >&5
conftest.c:41:6: warning: conflicting types for built-in function 'ceil' [enabled by default]
 char ceil ();
      ^
configure:13357: $? = 0
configure:13366: result: yes
configure:13379: checking for inet_ntoa in -lnsl
configure:13404: gcc -o conftest -g -O2   conftest.c -lnsl  -lm -lm  >&5
configure:13404: $? = 0
configure:13413: result: yes
configure:13427: checking for socket in -lsocket
configure:13452: gcc -o conftest -g -O2   conftest.c -lsocket  -lnsl -lm -lm  >&5
/usr/bin/ld: cannot find -lsocket
collect2: error: ld returned 1 exit status
configure:13452: $? = 1
configure: failed program was:
| /* confdefs.h */
| #define PACKAGE_NAME "barnyard2"
| #define PACKAGE_TARNAME "barnyard2"
| #define PACKAGE_VERSION "1.14"
| #define PACKAGE_STRING "barnyard2 1.14"
| #define PACKAGE_BUGREPORT ""
| #define PACKAGE_URL ""
| #define PACKAGE "barnyard2"
| #define VERSION "1.14"
| #define STDC_HEADERS 1
| #define HAVE_SYS_TYPES_H 1
| #define HAVE_SYS_STAT_H 1
| #define HAVE_STDLIB_H 1
| #define HAVE_STRING_H 1
| #define HAVE_MEMORY_H 1
| #define HAVE_STRINGS_H 1
| #define HAVE_INTTYPES_H 1
| #define HAVE_STDINT_H 1
| #define HAVE_UNISTD_H 1
| #define HAVE_DLFCN_H 1
| #define LT_OBJDIR ".libs/"
| #define LINUX 1
| #define PCAP_TIMEOUT_IGNORED 1
| #define HAVE_STRINGS_H 1
| #define HAVE_STRING_H 1
| #define HAVE_STDLIB_H 1
| #define HAVE_UNISTD_H 1
| #define HAVE_PATHS_H 1
| #define HAVE_INTTYPES_H 1
| #define HAVE_WCHAR_H 1
| #define HAVE_MATH_H 1
| #define HAVE_LIBM 1
| #define HAVE_LIBM 1
| #define HAVE_LIBNSL 1
| /* end confdefs.h.  */
| 
| /* Override any GCC internal prototype to avoid an error.
|    Use char because int might match the return type of a GCC
|    builtin and then its argument prototype would still apply.  */
| #ifdef __cplusplus
| extern "C"
| #endif
| char socket ();
| int
| main ()
| {
| return socket ();
|   ;
|   return 0;
| }
configure:13461: result: no
configure:13525: checking whether printf must be declared
configure:13558: gcc -c -g -O2  conftest.c >&5
configure:13558: $? = 0
configure:13578: result: no
configure:13525: checking whether fprintf must be declared
configure:13558: gcc -c -g -O2  conftest.c >&5
configure:13558: $? = 0
configure:13578: result: no
configure:13525: checking whether syslog must be declared
configure:13558: gcc -c -g -O2  conftest.c >&5
configure:13558: $? = 0
configure:13578: result: no
configure:13525: checking whether puts must be declared
configure:13558: gcc -c -g -O2  conftest.c >&5
configure:13558: $? = 0
configure:13578: result: no
configure:13525: checking whether fputs must be declared
configure:13558: gcc -c -g -O2  conftest.c >&5
configure:13558: $? = 0
configure:13578: result: no
configure:13525: checking whether fputc must be declared
configure:13558: gcc -c -g -O2  conftest.c >&5
configure:13558: $? = 0
configure:13578: result: no
configure:13525: checking whether fopen must be declared
configure:13558: gcc -c -g -O2  conftest.c >&5
configure:13558: $? = 0
configure:13578: result: no
configure:13525: checking whether fclose must be declared
configure:13558: gcc -c -g -O2  conftest.c >&5
configure:13558: $? = 0
configure:13578: result: no
configure:13525: checking whether fwrite must be declared
configure:13558: gcc -c -g -O2  conftest.c >&5
configure:13558: $? = 0
configure:13578: result: no
configure:13525: checking whether fflush must be declared
configure:13558: gcc -c -g -O2  conftest.c >&5
configure:13558: $? = 0
configure:13578: result: no
configure:13525: checking whether getopt must be declared
configure:13558: gcc -c -g -O2  conftest.c >&5
configure:13558: $? = 0
configure:13578: result: no
configure:13525: checking whether bzero must be declared
configure:13558: gcc -c -g -O2  conftest.c >&5
configure:13558: $? = 0
configure:13578: result: no
configure:13525: checking whether bcopy must be declared
configure:13558: gcc -c -g -O2  conftest.c >&5
configure:13558: $? = 0
configure:13578: result: no
configure:13525: checking whether memset must be declared
configure:13558: gcc -c -g -O2  conftest.c >&5
configure:13558: $? = 0
configure:13578: result: no
configure:13525: checking whether strtol must be declared
configure:13558: gcc -c -g -O2  conftest.c >&5
configure:13558: $? = 0
configure:13578: result: no
configure:13525: checking whether strcasecmp must be declared
configure:13558: gcc -c -g -O2  conftest.c >&5
configure:13558: $? = 0
configure:13578: result: no
configure:13525: checking whether strncasecmp must be declared
configure:13558: gcc -c -g -O2  conftest.c >&5
configure:13558: $? = 0
configure:13578: result: no
configure:13525: checking whether strerror must be declared
configure:13558: gcc -c -g -O2  conftest.c >&5
configure:13558: $? = 0
configure:13578: result: no
configure:13525: checking whether perror must be declared
configure:13558: gcc -c -g -O2  conftest.c >&5
configure:13558: $? = 0
configure:13578: result: no
configure:13525: checking whether socket must be declared
configure:13558: gcc -c -g -O2  conftest.c >&5
configure:13558: $? = 0
configure:13578: result: no
configure:13525: checking whether sendto must be declared
configure:13558: gcc -c -g -O2  conftest.c >&5
configure:13558: $? = 0
configure:13578: result: no
configure:13525: checking whether vsnprintf must be declared
configure:13558: gcc -c -g -O2  conftest.c >&5
configure:13558: $? = 0
configure:13578: result: no
configure:13525: checking whether snprintf must be declared
configure:13558: gcc -c -g -O2  conftest.c >&5
configure:13558: $? = 0
configure:13578: result: no
configure:13525: checking whether strtoul must be declared
configure:13558: gcc -c -g -O2  conftest.c >&5
configure:13558: $? = 0
configure:13578: result: no
configure:13588: checking for snprintf
configure:13588: gcc -o conftest -g -O2   conftest.c -lnsl -lm -lm  >&5
conftest.c:59:6: warning: conflicting types for built-in function 'snprintf' [enabled by default]
 char snprintf ();
      ^
configure:13588: $? = 0
configure:13588: result: yes
configure:13588: checking for strlcpy
configure:13588: gcc -o conftest -g -O2   conftest.c -lnsl -lm -lm  >&5
/tmp/ccNiEzmX.o: In function `main':
/home/anusha/snort_src/barnyard2-master/conftest.c:71: undefined reference to `strlcpy'
collect2: error: ld returned 1 exit status
configure:13588: $? = 1
configure: failed program was:
| /* confdefs.h */
| #define PACKAGE_NAME "barnyard2"
| #define PACKAGE_TARNAME "barnyard2"
| #define PACKAGE_VERSION "1.14"
| #define PACKAGE_STRING "barnyard2 1.14"
| #define PACKAGE_BUGREPORT ""
| #define PACKAGE_URL ""
| #define PACKAGE "barnyard2"
| #define VERSION "1.14"
| #define STDC_HEADERS 1
| #define HAVE_SYS_TYPES_H 1
| #define HAVE_SYS_STAT_H 1
| #define HAVE_STDLIB_H 1
| #define HAVE_STRING_H 1
| #define HAVE_MEMORY_H 1
| #define HAVE_STRINGS_H 1
| #define HAVE_INTTYPES_H 1
| #define HAVE_STDINT_H 1
| #define HAVE_UNISTD_H 1
| #define HAVE_DLFCN_H 1
| #define LT_OBJDIR ".libs/"
| #define LINUX 1
| #define PCAP_TIMEOUT_IGNORED 1
| #define HAVE_STRINGS_H 1
| #define HAVE_STRING_H 1
| #define HAVE_STDLIB_H 1
| #define HAVE_UNISTD_H 1
| #define HAVE_PATHS_H 1
| #define HAVE_INTTYPES_H 1
| #define HAVE_WCHAR_H 1
| #define HAVE_MATH_H 1
| #define HAVE_LIBM 1
| #define HAVE_LIBM 1
| #define HAVE_LIBNSL 1
| #define HAVE_SNPRINTF 1
| /* end confdefs.h.  */
| /* Define strlcpy to an innocuous variant, in case <limits.h> declares strlcpy.
|    For example, HP-UX 11i <limits.h> declares gettimeofday.  */
| #define strlcpy innocuous_strlcpy
| 
| /* System header to define __stub macros and hopefully few prototypes,
|     which can conflict with char strlcpy (); below.
|     Prefer <limits.h> to <assert.h> if __STDC__ is defined, since
|     <limits.h> exists even on freestanding compilers.  */
| 
| #ifdef __STDC__
| # include <limits.h>
| #else
| # include <assert.h>
| #endif
| 
| #undef strlcpy
| 
| /* Override any GCC internal prototype to avoid an error.
|    Use char because int might match the return type of a GCC
|    builtin and then its argument prototype would still apply.  */
| #ifdef __cplusplus
| extern "C"
| #endif
| char strlcpy ();
| /* The GNU C library defines this for functions which it implements
|     to always fail with ENOSYS.  Some functions are actually named
|     something starting with __ and the normal name is an alias.  */
| #if defined __stub_strlcpy || defined __stub___strlcpy
| choke me
| #endif
| 
| int
| main ()
| {
| return strlcpy ();
|   ;
|   return 0;
| }
configure:13588: result: no
configure:13588: checking for strlcat
configure:13588: gcc -o conftest -g -O2   conftest.c -lnsl -lm -lm  >&5
/tmp/cclSUmI5.o: In function `main':
/home/anusha/snort_src/barnyard2-master/conftest.c:71: undefined reference to `strlcat'
collect2: error: ld returned 1 exit status
configure:13588: $? = 1
configure: failed program was:
| /* confdefs.h */
| #define PACKAGE_NAME "barnyard2"
| #define PACKAGE_TARNAME "barnyard2"
| #define PACKAGE_VERSION "1.14"
| #define PACKAGE_STRING "barnyard2 1.14"
| #define PACKAGE_BUGREPORT ""
| #define PACKAGE_URL ""
| #define PACKAGE "barnyard2"
| #define VERSION "1.14"
| #define STDC_HEADERS 1
| #define HAVE_SYS_TYPES_H 1
| #define HAVE_SYS_STAT_H 1
| #define HAVE_STDLIB_H 1
| #define HAVE_STRING_H 1
| #define HAVE_MEMORY_H 1
| #define HAVE_STRINGS_H 1
| #define HAVE_INTTYPES_H 1
| #define HAVE_STDINT_H 1
| #define HAVE_UNISTD_H 1
| #define HAVE_DLFCN_H 1
| #define LT_OBJDIR ".libs/"
| #define LINUX 1
| #define PCAP_TIMEOUT_IGNORED 1
| #define HAVE_STRINGS_H 1
| #define HAVE_STRING_H 1
| #define HAVE_STDLIB_H 1
| #define HAVE_UNISTD_H 1
| #define HAVE_PATHS_H 1
| #define HAVE_INTTYPES_H 1
| #define HAVE_WCHAR_H 1
| #define HAVE_MATH_H 1
| #define HAVE_LIBM 1
| #define HAVE_LIBM 1
| #define HAVE_LIBNSL 1
| #define HAVE_SNPRINTF 1
| /* end confdefs.h.  */
| /* Define strlcat to an innocuous variant, in case <limits.h> declares strlcat.
|    For example, HP-UX 11i <limits.h> declares gettimeofday.  */
| #define strlcat innocuous_strlcat
| 
| /* System header to define __stub macros and hopefully few prototypes,
|     which can conflict with char strlcat (); below.
|     Prefer <limits.h> to <assert.h> if __STDC__ is defined, since
|     <limits.h> exists even on freestanding compilers.  */
| 
| #ifdef __STDC__
| # include <limits.h>
| #else
| # include <assert.h>
| #endif
| 
| #undef strlcat
| 
| /* Override any GCC internal prototype to avoid an error.
|    Use char because int might match the return type of a GCC
|    builtin and then its argument prototype would still apply.  */
| #ifdef __cplusplus
| extern "C"
| #endif
| char strlcat ();
| /* The GNU C library defines this for functions which it implements
|     to always fail with ENOSYS.  Some functions are actually named
|     something starting with __ and the normal name is an alias.  */
| #if defined __stub_strlcat || defined __stub___strlcat
| choke me
| #endif
| 
| int
| main ()
| {
| return strlcat ();
|   ;
|   return 0;
| }
configure:13588: result: no
configure:13588: checking for strerror
configure:13588: gcc -o conftest -g -O2   conftest.c -lnsl -lm -lm  >&5
configure:13588: $? = 0
configure:13588: result: yes
configure:13588: checking for vswprintf
configure:13588: gcc -o conftest -g -O2   conftest.c -lnsl -lm -lm  >&5
configure:13588: $? = 0
configure:13588: result: yes
configure:13588: checking for wprintf
configure:13588: gcc -o conftest -g -O2   conftest.c -lnsl -lm -lm  >&5
configure:13588: $? = 0
configure:13588: result: yes
configure:13602: checking size of char
configure:13607: gcc -o conftest -g -O2   conftest.c -lnsl -lm -lm  >&5
configure:13607: $? = 0
configure:13607: ./conftest
configure:13607: $? = 0
configure:13621: result: 1
configure:13635: checking size of short
configure:13640: gcc -o conftest -g -O2   conftest.c -lnsl -lm -lm  >&5
configure:13640: $? = 0
configure:13640: ./conftest
configure:13640: $? = 0
configure:13654: result: 2
configure:13668: checking size of int
configure:13673: gcc -o conftest -g -O2   conftest.c -lnsl -lm -lm  >&5
configure:13673: $? = 0
configure:13673: ./conftest
configure:13673: $? = 0
configure:13687: result: 4
configure:13701: checking size of long int
configure:13706: gcc -o conftest -g -O2   conftest.c -lnsl -lm -lm  >&5
configure:13706: $? = 0
configure:13706: ./conftest
configure:13706: $? = 0
configure:13720: result: 8
configure:13734: checking size of long long int
configure:13739: gcc -o conftest -g -O2   conftest.c -lnsl -lm -lm  >&5
configure:13739: $? = 0
configure:13739: ./conftest
configure:13739: $? = 0
configure:13753: result: 8
configure:13767: checking size of unsigned int
configure:13772: gcc -o conftest -g -O2   conftest.c -lnsl -lm -lm  >&5
configure:13772: $? = 0
configure:13772: ./conftest
configure:13772: $? = 0
configure:13786: result: 4
configure:13800: checking size of unsigned long int
configure:13805: gcc -o conftest -g -O2   conftest.c -lnsl -lm -lm  >&5
configure:13805: $? = 0
configure:13805: ./conftest
configure:13805: $? = 0
configure:13819: result: 8
configure:13833: checking size of unsigned long long int
configure:13838: gcc -o conftest -g -O2   conftest.c -lnsl -lm -lm  >&5
configure:13838: $? = 0
configure:13838: ./conftest
configure:13838: $? = 0
configure:13852: result: 8
configure:13864: checking for u_int8_t
configure:13864: gcc -c -g -O2  conftest.c >&5
configure:13864: $? = 0
configure:13864: gcc -c -g -O2  conftest.c >&5
conftest.c: In function 'main':
conftest.c:84:23: error: expected expression before ')' token
 if (sizeof ((u_int8_t)))
                       ^
configure:13864: $? = 1
configure: failed program was:
| /* confdefs.h */
| #define PACKAGE_NAME "barnyard2"
| #define PACKAGE_TARNAME "barnyard2"
| #define PACKAGE_VERSION "1.14"
| #define PACKAGE_STRING "barnyard2 1.14"
| #define PACKAGE_BUGREPORT ""
| #define PACKAGE_URL ""
| #define PACKAGE "barnyard2"
| #define VERSION "1.14"
| #define STDC_HEADERS 1
| #define HAVE_SYS_TYPES_H 1
| #define HAVE_SYS_STAT_H 1
| #define HAVE_STDLIB_H 1
| #define HAVE_STRING_H 1
| #define HAVE_MEMORY_H 1
| #define HAVE_STRINGS_H 1
| #define HAVE_INTTYPES_H 1
| #define HAVE_STDINT_H 1
| #define HAVE_UNISTD_H 1
| #define HAVE_DLFCN_H 1
| #define LT_OBJDIR ".libs/"
| #define LINUX 1
| #define PCAP_TIMEOUT_IGNORED 1
| #define HAVE_STRINGS_H 1
| #define HAVE_STRING_H 1
| #define HAVE_STDLIB_H 1
| #define HAVE_UNISTD_H 1
| #define HAVE_PATHS_H 1
| #define HAVE_INTTYPES_H 1
| #define HAVE_WCHAR_H 1
| #define HAVE_MATH_H 1
| #define HAVE_LIBM 1
| #define HAVE_LIBM 1
| #define HAVE_LIBNSL 1
| #define HAVE_SNPRINTF 1
| #define HAVE_STRERROR 1
| #define HAVE_VSWPRINTF 1
| #define HAVE_WPRINTF 1
| #define SIZEOF_CHAR 1
| #define SIZEOF_SHORT 2
| #define SIZEOF_INT 4
| #define SIZEOF_LONG_INT 8
| #define SIZEOF_LONG_LONG_INT 8
| #define SIZEOF_UNSIGNED_INT 4
| #define SIZEOF_UNSIGNED_LONG_INT 8
| #define SIZEOF_UNSIGNED_LONG_LONG_INT 8
| /* end confdefs.h.  */
| #include <stdio.h>
| #ifdef HAVE_SYS_TYPES_H
| # include <sys/types.h>
| #endif
| #ifdef HAVE_SYS_STAT_H
| # include <sys/stat.h>
| #endif
| #ifdef STDC_HEADERS
| # include <stdlib.h>
| # include <stddef.h>
| #else
| # ifdef HAVE_STDLIB_H
| #  include <stdlib.h>
| # endif
| #endif
| #ifdef HAVE_STRING_H
| # if !defined STDC_HEADERS && defined HAVE_MEMORY_H
| #  include <memory.h>
| # endif
| # include <string.h>
| #endif
| #ifdef HAVE_STRINGS_H
| # include <strings.h>
| #endif
| #ifdef HAVE_INTTYPES_H
| # include <inttypes.h>
| #endif
| #ifdef HAVE_STDINT_H
| # include <stdint.h>
| #endif
| #ifdef HAVE_UNISTD_H
| # include <unistd.h>
| #endif
| int
| main ()
| {
| if (sizeof ((u_int8_t)))
| 	    return 0;
|   ;
|   return 0;
| }
configure:13864: result: yes
configure:13873: checking for u_int16_t
configure:13873: gcc -c -g -O2  conftest.c >&5
configure:13873: $? = 0
configure:13873: gcc -c -g -O2  conftest.c >&5
conftest.c: In function 'main':
conftest.c:85:24: error: expected expression before ')' token
 if (sizeof ((u_int16_t)))
                        ^
configure:13873: $? = 1
configure: failed program was:
| /* confdefs.h */
| #define PACKAGE_NAME "barnyard2"
| #define PACKAGE_TARNAME "barnyard2"
| #define PACKAGE_VERSION "1.14"
| #define PACKAGE_STRING "barnyard2 1.14"
| #define PACKAGE_BUGREPORT ""
| #define PACKAGE_URL ""
| #define PACKAGE "barnyard2"
| #define VERSION "1.14"
| #define STDC_HEADERS 1
| #define HAVE_SYS_TYPES_H 1
| #define HAVE_SYS_STAT_H 1
| #define HAVE_STDLIB_H 1
| #define HAVE_STRING_H 1
| #define HAVE_MEMORY_H 1
| #define HAVE_STRINGS_H 1
| #define HAVE_INTTYPES_H 1
| #define HAVE_STDINT_H 1
| #define HAVE_UNISTD_H 1
| #define HAVE_DLFCN_H 1
| #define LT_OBJDIR ".libs/"
| #define LINUX 1
| #define PCAP_TIMEOUT_IGNORED 1
| #define HAVE_STRINGS_H 1
| #define HAVE_STRING_H 1
| #define HAVE_STDLIB_H 1
| #define HAVE_UNISTD_H 1
| #define HAVE_PATHS_H 1
| #define HAVE_INTTYPES_H 1
| #define HAVE_WCHAR_H 1
| #define HAVE_MATH_H 1
| #define HAVE_LIBM 1
| #define HAVE_LIBM 1
| #define HAVE_LIBNSL 1
| #define HAVE_SNPRINTF 1
| #define HAVE_STRERROR 1
| #define HAVE_VSWPRINTF 1
| #define HAVE_WPRINTF 1
| #define SIZEOF_CHAR 1
| #define SIZEOF_SHORT 2
| #define SIZEOF_INT 4
| #define SIZEOF_LONG_INT 8
| #define SIZEOF_LONG_LONG_INT 8
| #define SIZEOF_UNSIGNED_INT 4
| #define SIZEOF_UNSIGNED_LONG_INT 8
| #define SIZEOF_UNSIGNED_LONG_LONG_INT 8
| #define HAVE_U_INT8_T 1
| /* end confdefs.h.  */
| #include <stdio.h>
| #ifdef HAVE_SYS_TYPES_H
| # include <sys/types.h>
| #endif
| #ifdef HAVE_SYS_STAT_H
| # include <sys/stat.h>
| #endif
| #ifdef STDC_HEADERS
| # include <stdlib.h>
| # include <stddef.h>
| #else
| # ifdef HAVE_STDLIB_H
| #  include <stdlib.h>
| # endif
| #endif
| #ifdef HAVE_STRING_H
| # if !defined STDC_HEADERS && defined HAVE_MEMORY_H
| #  include <memory.h>
| # endif
| # include <string.h>
| #endif
| #ifdef HAVE_STRINGS_H
| # include <strings.h>
| #endif
| #ifdef HAVE_INTTYPES_H
| # include <inttypes.h>
| #endif
| #ifdef HAVE_STDINT_H
| # include <stdint.h>
| #endif
| #ifdef HAVE_UNISTD_H
| # include <unistd.h>
| #endif
| int
| main ()
| {
| if (sizeof ((u_int16_t)))
| 	    return 0;
|   ;
|   return 0;
| }
configure:13873: result: yes
configure:13882: checking for u_int32_t
configure:13882: gcc -c -g -O2  conftest.c >&5
configure:13882: $? = 0
configure:13882: gcc -c -g -O2  conftest.c >&5
conftest.c: In function 'main':
conftest.c:86:24: error: expected expression before ')' token
 if (sizeof ((u_int32_t)))
                        ^
configure:13882: $? = 1
configure: failed program was:
| /* confdefs.h */
| #define PACKAGE_NAME "barnyard2"
| #define PACKAGE_TARNAME "barnyard2"
| #define PACKAGE_VERSION "1.14"
| #define PACKAGE_STRING "barnyard2 1.14"
| #define PACKAGE_BUGREPORT ""
| #define PACKAGE_URL ""
| #define PACKAGE "barnyard2"
| #define VERSION "1.14"
| #define STDC_HEADERS 1
| #define HAVE_SYS_TYPES_H 1
| #define HAVE_SYS_STAT_H 1
| #define HAVE_STDLIB_H 1
| #define HAVE_STRING_H 1
| #define HAVE_MEMORY_H 1
| #define HAVE_STRINGS_H 1
| #define HAVE_INTTYPES_H 1
| #define HAVE_STDINT_H 1
| #define HAVE_UNISTD_H 1
| #define HAVE_DLFCN_H 1
| #define LT_OBJDIR ".libs/"
| #define LINUX 1
| #define PCAP_TIMEOUT_IGNORED 1
| #define HAVE_STRINGS_H 1
| #define HAVE_STRING_H 1
| #define HAVE_STDLIB_H 1
| #define HAVE_UNISTD_H 1
| #define HAVE_PATHS_H 1
| #define HAVE_INTTYPES_H 1
| #define HAVE_WCHAR_H 1
| #define HAVE_MATH_H 1
| #define HAVE_LIBM 1
| #define HAVE_LIBM 1
| #define HAVE_LIBNSL 1
| #define HAVE_SNPRINTF 1
| #define HAVE_STRERROR 1
| #define HAVE_VSWPRINTF 1
| #define HAVE_WPRINTF 1
| #define SIZEOF_CHAR 1
| #define SIZEOF_SHORT 2
| #define SIZEOF_INT 4
| #define SIZEOF_LONG_INT 8
| #define SIZEOF_LONG_LONG_INT 8
| #define SIZEOF_UNSIGNED_INT 4
| #define SIZEOF_UNSIGNED_LONG_INT 8
| #define SIZEOF_UNSIGNED_LONG_LONG_INT 8
| #define HAVE_U_INT8_T 1
| #define HAVE_U_INT16_T 1
| /* end confdefs.h.  */
| #include <stdio.h>
| #ifdef HAVE_SYS_TYPES_H
| # include <sys/types.h>
| #endif
| #ifdef HAVE_SYS_STAT_H
| # include <sys/stat.h>
| #endif
| #ifdef STDC_HEADERS
| # include <stdlib.h>
| # include <stddef.h>
| #else
| # ifdef HAVE_STDLIB_H
| #  include <stdlib.h>
| # endif
| #endif
| #ifdef HAVE_STRING_H
| # if !defined STDC_HEADERS && defined HAVE_MEMORY_H
| #  include <memory.h>
| # endif
| # include <string.h>
| #endif
| #ifdef HAVE_STRINGS_H
| # include <strings.h>
| #endif
| #ifdef HAVE_INTTYPES_H
| # include <inttypes.h>
| #endif
| #ifdef HAVE_STDINT_H
| # include <stdint.h>
| #endif
| #ifdef HAVE_UNISTD_H
| # include <unistd.h>
| #endif
| int
| main ()
| {
| if (sizeof ((u_int32_t)))
| 	    return 0;
|   ;
|   return 0;
| }
configure:13882: result: yes
configure:13891: checking for u_int64_t
configure:13891: gcc -c -g -O2  conftest.c >&5
configure:13891: $? = 0
configure:13891: gcc -c -g -O2  conftest.c >&5
conftest.c: In function 'main':
conftest.c:87:24: error: expected expression before ')' token
 if (sizeof ((u_int64_t)))
                        ^
configure:13891: $? = 1
configure: failed program was:
| /* confdefs.h */
| #define PACKAGE_NAME "barnyard2"
| #define PACKAGE_TARNAME "barnyard2"
| #define PACKAGE_VERSION "1.14"
| #define PACKAGE_STRING "barnyard2 1.14"
| #define PACKAGE_BUGREPORT ""
| #define PACKAGE_URL ""
| #define PACKAGE "barnyard2"
| #define VERSION "1.14"
| #define STDC_HEADERS 1
| #define HAVE_SYS_TYPES_H 1
| #define HAVE_SYS_STAT_H 1
| #define HAVE_STDLIB_H 1
| #define HAVE_STRING_H 1
| #define HAVE_MEMORY_H 1
| #define HAVE_STRINGS_H 1
| #define HAVE_INTTYPES_H 1
| #define HAVE_STDINT_H 1
| #define HAVE_UNISTD_H 1
| #define HAVE_DLFCN_H 1
| #define LT_OBJDIR ".libs/"
| #define LINUX 1
| #define PCAP_TIMEOUT_IGNORED 1
| #define HAVE_STRINGS_H 1
| #define HAVE_STRING_H 1
| #define HAVE_STDLIB_H 1
| #define HAVE_UNISTD_H 1
| #define HAVE_PATHS_H 1
| #define HAVE_INTTYPES_H 1
| #define HAVE_WCHAR_H 1
| #define HAVE_MATH_H 1
| #define HAVE_LIBM 1
| #define HAVE_LIBM 1
| #define HAVE_LIBNSL 1
| #define HAVE_SNPRINTF 1
| #define HAVE_STRERROR 1
| #define HAVE_VSWPRINTF 1
| #define HAVE_WPRINTF 1
| #define SIZEOF_CHAR 1
| #define SIZEOF_SHORT 2
| #define SIZEOF_INT 4
| #define SIZEOF_LONG_INT 8
| #define SIZEOF_LONG_LONG_INT 8
| #define SIZEOF_UNSIGNED_INT 4
| #define SIZEOF_UNSIGNED_LONG_INT 8
| #define SIZEOF_UNSIGNED_LONG_LONG_INT 8
| #define HAVE_U_INT8_T 1
| #define HAVE_U_INT16_T 1
| #define HAVE_U_INT32_T 1
| /* end confdefs.h.  */
| #include <stdio.h>
| #ifdef HAVE_SYS_TYPES_H
| # include <sys/types.h>
| #endif
| #ifdef HAVE_SYS_STAT_H
| # include <sys/stat.h>
| #endif
| #ifdef STDC_HEADERS
| # include <stdlib.h>
| # include <stddef.h>
| #else
| # ifdef HAVE_STDLIB_H
| #  include <stdlib.h>
| # endif
| #endif
| #ifdef HAVE_STRING_H
| # if !defined STDC_HEADERS && defined HAVE_MEMORY_H
| #  include <memory.h>
| # endif
| # include <string.h>
| #endif
| #ifdef HAVE_STRINGS_H
| # include <strings.h>
| #endif
| #ifdef HAVE_INTTYPES_H
| # include <inttypes.h>
| #endif
| #ifdef HAVE_STDINT_H
| # include <stdint.h>
| #endif
| #ifdef HAVE_UNISTD_H
| # include <unistd.h>
| #endif
| int
| main ()
| {
| if (sizeof ((u_int64_t)))
| 	    return 0;
|   ;
|   return 0;
| }
configure:13891: result: yes
configure:13900: checking for uint8_t
configure:13900: gcc -c -g -O2  conftest.c >&5
configure:13900: $? = 0
configure:13900: gcc -c -g -O2  conftest.c >&5
conftest.c: In function 'main':
conftest.c:88:22: error: expected expression before ')' token
 if (sizeof ((uint8_t)))
                      ^
configure:13900: $? = 1
configure: failed program was:
| /* confdefs.h */
| #define PACKAGE_NAME "barnyard2"
| #define PACKAGE_TARNAME "barnyard2"
| #define PACKAGE_VERSION "1.14"
| #define PACKAGE_STRING "barnyard2 1.14"
| #define PACKAGE_BUGREPORT ""
| #define PACKAGE_URL ""
| #define PACKAGE "barnyard2"
| #define VERSION "1.14"
| #define STDC_HEADERS 1
| #define HAVE_SYS_TYPES_H 1
| #define HAVE_SYS_STAT_H 1
| #define HAVE_STDLIB_H 1
| #define HAVE_STRING_H 1
| #define HAVE_MEMORY_H 1
| #define HAVE_STRINGS_H 1
| #define HAVE_INTTYPES_H 1
| #define HAVE_STDINT_H 1
| #define HAVE_UNISTD_H 1
| #define HAVE_DLFCN_H 1
| #define LT_OBJDIR ".libs/"
| #define LINUX 1
| #define PCAP_TIMEOUT_IGNORED 1
| #define HAVE_STRINGS_H 1
| #define HAVE_STRING_H 1
| #define HAVE_STDLIB_H 1
| #define HAVE_UNISTD_H 1
| #define HAVE_PATHS_H 1
| #define HAVE_INTTYPES_H 1
| #define HAVE_WCHAR_H 1
| #define HAVE_MATH_H 1
| #define HAVE_LIBM 1
| #define HAVE_LIBM 1
| #define HAVE_LIBNSL 1
| #define HAVE_SNPRINTF 1
| #define HAVE_STRERROR 1
| #define HAVE_VSWPRINTF 1
| #define HAVE_WPRINTF 1
| #define SIZEOF_CHAR 1
| #define SIZEOF_SHORT 2
| #define SIZEOF_INT 4
| #define SIZEOF_LONG_INT 8
| #define SIZEOF_LONG_LONG_INT 8
| #define SIZEOF_UNSIGNED_INT 4
| #define SIZEOF_UNSIGNED_LONG_INT 8
| #define SIZEOF_UNSIGNED_LONG_LONG_INT 8
| #define HAVE_U_INT8_T 1
| #define HAVE_U_INT16_T 1
| #define HAVE_U_INT32_T 1
| #define HAVE_U_INT64_T 1
| /* end confdefs.h.  */
| #include <stdio.h>
| #ifdef HAVE_SYS_TYPES_H
| # include <sys/types.h>
| #endif
| #ifdef HAVE_SYS_STAT_H
| # include <sys/stat.h>
| #endif
| #ifdef STDC_HEADERS
| # include <stdlib.h>
| # include <stddef.h>
| #else
| # ifdef HAVE_STDLIB_H
| #  include <stdlib.h>
| # endif
| #endif
| #ifdef HAVE_STRING_H
| # if !defined STDC_HEADERS && defined HAVE_MEMORY_H
| #  include <memory.h>
| # endif
| # include <string.h>
| #endif
| #ifdef HAVE_STRINGS_H
| # include <strings.h>
| #endif
| #ifdef HAVE_INTTYPES_H
| # include <inttypes.h>
| #endif
| #ifdef HAVE_STDINT_H
| # include <stdint.h>
| #endif
| #ifdef HAVE_UNISTD_H
| # include <unistd.h>
| #endif
| int
| main ()
| {
| if (sizeof ((uint8_t)))
| 	    return 0;
|   ;
|   return 0;
| }
configure:13900: result: yes
configure:13909: checking for uint16_t
configure:13909: gcc -c -g -O2  conftest.c >&5
configure:13909: $? = 0
configure:13909: gcc -c -g -O2  conftest.c >&5
conftest.c: In function 'main':
conftest.c:89:23: error: expected expression before ')' token
 if (sizeof ((uint16_t)))
                       ^
configure:13909: $? = 1
configure: failed program was:
| /* confdefs.h */
| #define PACKAGE_NAME "barnyard2"
| #define PACKAGE_TARNAME "barnyard2"
| #define PACKAGE_VERSION "1.14"
| #define PACKAGE_STRING "barnyard2 1.14"
| #define PACKAGE_BUGREPORT ""
| #define PACKAGE_URL ""
| #define PACKAGE "barnyard2"
| #define VERSION "1.14"
| #define STDC_HEADERS 1
| #define HAVE_SYS_TYPES_H 1
| #define HAVE_SYS_STAT_H 1
| #define HAVE_STDLIB_H 1
| #define HAVE_STRING_H 1
| #define HAVE_MEMORY_H 1
| #define HAVE_STRINGS_H 1
| #define HAVE_INTTYPES_H 1
| #define HAVE_STDINT_H 1
| #define HAVE_UNISTD_H 1
| #define HAVE_DLFCN_H 1
| #define LT_OBJDIR ".libs/"
| #define LINUX 1
| #define PCAP_TIMEOUT_IGNORED 1
| #define HAVE_STRINGS_H 1
| #define HAVE_STRING_H 1
| #define HAVE_STDLIB_H 1
| #define HAVE_UNISTD_H 1
| #define HAVE_PATHS_H 1
| #define HAVE_INTTYPES_H 1
| #define HAVE_WCHAR_H 1
| #define HAVE_MATH_H 1
| #define HAVE_LIBM 1
| #define HAVE_LIBM 1
| #define HAVE_LIBNSL 1
| #define HAVE_SNPRINTF 1
| #define HAVE_STRERROR 1
| #define HAVE_VSWPRINTF 1
| #define HAVE_WPRINTF 1
| #define SIZEOF_CHAR 1
| #define SIZEOF_SHORT 2
| #define SIZEOF_INT 4
| #define SIZEOF_LONG_INT 8
| #define SIZEOF_LONG_LONG_INT 8
| #define SIZEOF_UNSIGNED_INT 4
| #define SIZEOF_UNSIGNED_LONG_INT 8
| #define SIZEOF_UNSIGNED_LONG_LONG_INT 8
| #define HAVE_U_INT8_T 1
| #define HAVE_U_INT16_T 1
| #define HAVE_U_INT32_T 1
| #define HAVE_U_INT64_T 1
| #define HAVE_UINT8_T 1
| /* end confdefs.h.  */
| #include <stdio.h>
| #ifdef HAVE_SYS_TYPES_H
| # include <sys/types.h>
| #endif
| #ifdef HAVE_SYS_STAT_H
| # include <sys/stat.h>
| #endif
| #ifdef STDC_HEADERS
| # include <stdlib.h>
| # include <stddef.h>
| #else
| # ifdef HAVE_STDLIB_H
| #  include <stdlib.h>
| # endif
| #endif
| #ifdef HAVE_STRING_H
| # if !defined STDC_HEADERS && defined HAVE_MEMORY_H
| #  include <memory.h>
| # endif
| # include <string.h>
| #endif
| #ifdef HAVE_STRINGS_H
| # include <strings.h>
| #endif
| #ifdef HAVE_INTTYPES_H
| # include <inttypes.h>
| #endif
| #ifdef HAVE_STDINT_H
| # include <stdint.h>
| #endif
| #ifdef HAVE_UNISTD_H
| # include <unistd.h>
| #endif
| int
| main ()
| {
| if (sizeof ((uint16_t)))
| 	    return 0;
|   ;
|   return 0;
| }
configure:13909: result: yes
configure:13918: checking for uint32_t
configure:13918: gcc -c -g -O2  conftest.c >&5
configure:13918: $? = 0
configure:13918: gcc -c -g -O2  conftest.c >&5
conftest.c: In function 'main':
conftest.c:90:23: error: expected expression before ')' token
 if (sizeof ((uint32_t)))
                       ^
configure:13918: $? = 1
configure: failed program was:
| /* confdefs.h */
| #define PACKAGE_NAME "barnyard2"
| #define PACKAGE_TARNAME "barnyard2"
| #define PACKAGE_VERSION "1.14"
| #define PACKAGE_STRING "barnyard2 1.14"
| #define PACKAGE_BUGREPORT ""
| #define PACKAGE_URL ""
| #define PACKAGE "barnyard2"
| #define VERSION "1.14"
| #define STDC_HEADERS 1
| #define HAVE_SYS_TYPES_H 1
| #define HAVE_SYS_STAT_H 1
| #define HAVE_STDLIB_H 1
| #define HAVE_STRING_H 1
| #define HAVE_MEMORY_H 1
| #define HAVE_STRINGS_H 1
| #define HAVE_INTTYPES_H 1
| #define HAVE_STDINT_H 1
| #define HAVE_UNISTD_H 1
| #define HAVE_DLFCN_H 1
| #define LT_OBJDIR ".libs/"
| #define LINUX 1
| #define PCAP_TIMEOUT_IGNORED 1
| #define HAVE_STRINGS_H 1
| #define HAVE_STRING_H 1
| #define HAVE_STDLIB_H 1
| #define HAVE_UNISTD_H 1
| #define HAVE_PATHS_H 1
| #define HAVE_INTTYPES_H 1
| #define HAVE_WCHAR_H 1
| #define HAVE_MATH_H 1
| #define HAVE_LIBM 1
| #define HAVE_LIBM 1
| #define HAVE_LIBNSL 1
| #define HAVE_SNPRINTF 1
| #define HAVE_STRERROR 1
| #define HAVE_VSWPRINTF 1
| #define HAVE_WPRINTF 1
| #define SIZEOF_CHAR 1
| #define SIZEOF_SHORT 2
| #define SIZEOF_INT 4
| #define SIZEOF_LONG_INT 8
| #define SIZEOF_LONG_LONG_INT 8
| #define SIZEOF_UNSIGNED_INT 4
| #define SIZEOF_UNSIGNED_LONG_INT 8
| #define SIZEOF_UNSIGNED_LONG_LONG_INT 8
| #define HAVE_U_INT8_T 1
| #define HAVE_U_INT16_T 1
| #define HAVE_U_INT32_T 1
| #define HAVE_U_INT64_T 1
| #define HAVE_UINT8_T 1
| #define HAVE_UINT16_T 1
| /* end confdefs.h.  */
| #include <stdio.h>
| #ifdef HAVE_SYS_TYPES_H
| # include <sys/types.h>
| #endif
| #ifdef HAVE_SYS_STAT_H
| # include <sys/stat.h>
| #endif
| #ifdef STDC_HEADERS
| # include <stdlib.h>
| # include <stddef.h>
| #else
| # ifdef HAVE_STDLIB_H
| #  include <stdlib.h>
| # endif
| #endif
| #ifdef HAVE_STRING_H
| # if !defined STDC_HEADERS && defined HAVE_MEMORY_H
| #  include <memory.h>
| # endif
| # include <string.h>
| #endif
| #ifdef HAVE_STRINGS_H
| # include <strings.h>
| #endif
| #ifdef HAVE_INTTYPES_H
| # include <inttypes.h>
| #endif
| #ifdef HAVE_STDINT_H
| # include <stdint.h>
| #endif
| #ifdef HAVE_UNISTD_H
| # include <unistd.h>
| #endif
| int
| main ()
| {
| if (sizeof ((uint32_t)))
| 	    return 0;
|   ;
|   return 0;
| }
configure:13918: result: yes
configure:13927: checking for uint64_t
configure:13927: gcc -c -g -O2  conftest.c >&5
configure:13927: $? = 0
configure:13927: gcc -c -g -O2  conftest.c >&5
conftest.c: In function 'main':
conftest.c:91:23: error: expected expression before ')' token
 if (sizeof ((uint64_t)))
                       ^
configure:13927: $? = 1
configure: failed program was:
| /* confdefs.h */
| #define PACKAGE_NAME "barnyard2"
| #define PACKAGE_TARNAME "barnyard2"
| #define PACKAGE_VERSION "1.14"
| #define PACKAGE_STRING "barnyard2 1.14"
| #define PACKAGE_BUGREPORT ""
| #define PACKAGE_URL ""
| #define PACKAGE "barnyard2"
| #define VERSION "1.14"
| #define STDC_HEADERS 1
| #define HAVE_SYS_TYPES_H 1
| #define HAVE_SYS_STAT_H 1
| #define HAVE_STDLIB_H 1
| #define HAVE_STRING_H 1
| #define HAVE_MEMORY_H 1
| #define HAVE_STRINGS_H 1
| #define HAVE_INTTYPES_H 1
| #define HAVE_STDINT_H 1
| #define HAVE_UNISTD_H 1
| #define HAVE_DLFCN_H 1
| #define LT_OBJDIR ".libs/"
| #define LINUX 1
| #define PCAP_TIMEOUT_IGNORED 1
| #define HAVE_STRINGS_H 1
| #define HAVE_STRING_H 1
| #define HAVE_STDLIB_H 1
| #define HAVE_UNISTD_H 1
| #define HAVE_PATHS_H 1
| #define HAVE_INTTYPES_H 1
| #define HAVE_WCHAR_H 1
| #define HAVE_MATH_H 1
| #define HAVE_LIBM 1
| #define HAVE_LIBM 1
| #define HAVE_LIBNSL 1
| #define HAVE_SNPRINTF 1
| #define HAVE_STRERROR 1
| #define HAVE_VSWPRINTF 1
| #define HAVE_WPRINTF 1
| #define SIZEOF_CHAR 1
| #define SIZEOF_SHORT 2
| #define SIZEOF_INT 4
| #define SIZEOF_LONG_INT 8
| #define SIZEOF_LONG_LONG_INT 8
| #define SIZEOF_UNSIGNED_INT 4
| #define SIZEOF_UNSIGNED_LONG_INT 8
| #define SIZEOF_UNSIGNED_LONG_LONG_INT 8
| #define HAVE_U_INT8_T 1
| #define HAVE_U_INT16_T 1
| #define HAVE_U_INT32_T 1
| #define HAVE_U_INT64_T 1
| #define HAVE_UINT8_T 1
| #define HAVE_UINT16_T 1
| #define HAVE_UINT32_T 1
| /* end confdefs.h.  */
| #include <stdio.h>
| #ifdef HAVE_SYS_TYPES_H
| # include <sys/types.h>
| #endif
| #ifdef HAVE_SYS_STAT_H
| # include <sys/stat.h>
| #endif
| #ifdef STDC_HEADERS
| # include <stdlib.h>
| # include <stddef.h>
| #else
| # ifdef HAVE_STDLIB_H
| #  include <stdlib.h>
| # endif
| #endif
| #ifdef HAVE_STRING_H
| # if !defined STDC_HEADERS && defined HAVE_MEMORY_H
| #  include <memory.h>
| # endif
| # include <string.h>
| #endif
| #ifdef HAVE_STRINGS_H
| # include <strings.h>
| #endif
| #ifdef HAVE_INTTYPES_H
| # include <inttypes.h>
| #endif
| #ifdef HAVE_STDINT_H
| # include <stdint.h>
| #endif
| #ifdef HAVE_UNISTD_H
| # include <unistd.h>
| #endif
| int
| main ()
| {
| if (sizeof ((uint64_t)))
| 	    return 0;
|   ;
|   return 0;
| }
configure:13927: result: yes
configure:13937: checking for int8_t
configure:13937: gcc -c -g -O2  conftest.c >&5
configure:13937: $? = 0
configure:13937: gcc -c -g -O2  conftest.c >&5
conftest.c: In function 'main':
conftest.c:92:21: error: expected expression before ')' token
 if (sizeof ((int8_t)))
                     ^
configure:13937: $? = 1
configure: failed program was:
| /* confdefs.h */
| #define PACKAGE_NAME "barnyard2"
| #define PACKAGE_TARNAME "barnyard2"
| #define PACKAGE_VERSION "1.14"
| #define PACKAGE_STRING "barnyard2 1.14"
| #define PACKAGE_BUGREPORT ""
| #define PACKAGE_URL ""
| #define PACKAGE "barnyard2"
| #define VERSION "1.14"
| #define STDC_HEADERS 1
| #define HAVE_SYS_TYPES_H 1
| #define HAVE_SYS_STAT_H 1
| #define HAVE_STDLIB_H 1
| #define HAVE_STRING_H 1
| #define HAVE_MEMORY_H 1
| #define HAVE_STRINGS_H 1
| #define HAVE_INTTYPES_H 1
| #define HAVE_STDINT_H 1
| #define HAVE_UNISTD_H 1
| #define HAVE_DLFCN_H 1
| #define LT_OBJDIR ".libs/"
| #define LINUX 1
| #define PCAP_TIMEOUT_IGNORED 1
| #define HAVE_STRINGS_H 1
| #define HAVE_STRING_H 1
| #define HAVE_STDLIB_H 1
| #define HAVE_UNISTD_H 1
| #define HAVE_PATHS_H 1
| #define HAVE_INTTYPES_H 1
| #define HAVE_WCHAR_H 1
| #define HAVE_MATH_H 1
| #define HAVE_LIBM 1
| #define HAVE_LIBM 1
| #define HAVE_LIBNSL 1
| #define HAVE_SNPRINTF 1
| #define HAVE_STRERROR 1
| #define HAVE_VSWPRINTF 1
| #define HAVE_WPRINTF 1
| #define SIZEOF_CHAR 1
| #define SIZEOF_SHORT 2
| #define SIZEOF_INT 4
| #define SIZEOF_LONG_INT 8
| #define SIZEOF_LONG_LONG_INT 8
| #define SIZEOF_UNSIGNED_INT 4
| #define SIZEOF_UNSIGNED_LONG_INT 8
| #define SIZEOF_UNSIGNED_LONG_LONG_INT 8
| #define HAVE_U_INT8_T 1
| #define HAVE_U_INT16_T 1
| #define HAVE_U_INT32_T 1
| #define HAVE_U_INT64_T 1
| #define HAVE_UINT8_T 1
| #define HAVE_UINT16_T 1
| #define HAVE_UINT32_T 1
| #define HAVE_UINT64_T 1
| /* end confdefs.h.  */
| #include <stdio.h>
| #ifdef HAVE_SYS_TYPES_H
| # include <sys/types.h>
| #endif
| #ifdef HAVE_SYS_STAT_H
| # include <sys/stat.h>
| #endif
| #ifdef STDC_HEADERS
| # include <stdlib.h>
| # include <stddef.h>
| #else
| # ifdef HAVE_STDLIB_H
| #  include <stdlib.h>
| # endif
| #endif
| #ifdef HAVE_STRING_H
| # if !defined STDC_HEADERS && defined HAVE_MEMORY_H
| #  include <memory.h>
| # endif
| # include <string.h>
| #endif
| #ifdef HAVE_STRINGS_H
| # include <strings.h>
| #endif
| #ifdef HAVE_INTTYPES_H
| # include <inttypes.h>
| #endif
| #ifdef HAVE_STDINT_H
| # include <stdint.h>
| #endif
| #ifdef HAVE_UNISTD_H
| # include <unistd.h>
| #endif
| int
| main ()
| {
| if (sizeof ((int8_t)))
| 	    return 0;
|   ;
|   return 0;
| }
configure:13937: result: yes
configure:13946: checking for int16_t
configure:13946: gcc -c -g -O2  conftest.c >&5
configure:13946: $? = 0
configure:13946: gcc -c -g -O2  conftest.c >&5
conftest.c: In function 'main':
conftest.c:93:22: error: expected expression before ')' token
 if (sizeof ((int16_t)))
                      ^
configure:13946: $? = 1
configure: failed program was:
| /* confdefs.h */
| #define PACKAGE_NAME "barnyard2"
| #define PACKAGE_TARNAME "barnyard2"
| #define PACKAGE_VERSION "1.14"
| #define PACKAGE_STRING "barnyard2 1.14"
| #define PACKAGE_BUGREPORT ""
| #define PACKAGE_URL ""
| #define PACKAGE "barnyard2"
| #define VERSION "1.14"
| #define STDC_HEADERS 1
| #define HAVE_SYS_TYPES_H 1
| #define HAVE_SYS_STAT_H 1
| #define HAVE_STDLIB_H 1
| #define HAVE_STRING_H 1
| #define HAVE_MEMORY_H 1
| #define HAVE_STRINGS_H 1
| #define HAVE_INTTYPES_H 1
| #define HAVE_STDINT_H 1
| #define HAVE_UNISTD_H 1
| #define HAVE_DLFCN_H 1
| #define LT_OBJDIR ".libs/"
| #define LINUX 1
| #define PCAP_TIMEOUT_IGNORED 1
| #define HAVE_STRINGS_H 1
| #define HAVE_STRING_H 1
| #define HAVE_STDLIB_H 1
| #define HAVE_UNISTD_H 1
| #define HAVE_PATHS_H 1
| #define HAVE_INTTYPES_H 1
| #define HAVE_WCHAR_H 1
| #define HAVE_MATH_H 1
| #define HAVE_LIBM 1
| #define HAVE_LIBM 1
| #define HAVE_LIBNSL 1
| #define HAVE_SNPRINTF 1
| #define HAVE_STRERROR 1
| #define HAVE_VSWPRINTF 1
| #define HAVE_WPRINTF 1
| #define SIZEOF_CHAR 1
| #define SIZEOF_SHORT 2
| #define SIZEOF_INT 4
| #define SIZEOF_LONG_INT 8
| #define SIZEOF_LONG_LONG_INT 8
| #define SIZEOF_UNSIGNED_INT 4
| #define SIZEOF_UNSIGNED_LONG_INT 8
| #define SIZEOF_UNSIGNED_LONG_LONG_INT 8
| #define HAVE_U_INT8_T 1
| #define HAVE_U_INT16_T 1
| #define HAVE_U_INT32_T 1
| #define HAVE_U_INT64_T 1
| #define HAVE_UINT8_T 1
| #define HAVE_UINT16_T 1
| #define HAVE_UINT32_T 1
| #define HAVE_UINT64_T 1
| #define HAVE_INT8_T 1
| /* end confdefs.h.  */
| #include <stdio.h>
| #ifdef HAVE_SYS_TYPES_H
| # include <sys/types.h>
| #endif
| #ifdef HAVE_SYS_STAT_H
| # include <sys/stat.h>
| #endif
| #ifdef STDC_HEADERS
| # include <stdlib.h>
| # include <stddef.h>
| #else
| # ifdef HAVE_STDLIB_H
| #  include <stdlib.h>
| # endif
| #endif
| #ifdef HAVE_STRING_H
| # if !defined STDC_HEADERS && defined HAVE_MEMORY_H
| #  include <memory.h>
| # endif
| # include <string.h>
| #endif
| #ifdef HAVE_STRINGS_H
| # include <strings.h>
| #endif
| #ifdef HAVE_INTTYPES_H
| # include <inttypes.h>
| #endif
| #ifdef HAVE_STDINT_H
| # include <stdint.h>
| #endif
| #ifdef HAVE_UNISTD_H
| # include <unistd.h>
| #endif
| int
| main ()
| {
| if (sizeof ((int16_t)))
| 	    return 0;
|   ;
|   return 0;
| }
configure:13946: result: yes
configure:13955: checking for int32_t
configure:13955: gcc -c -g -O2  conftest.c >&5
configure:13955: $? = 0
configure:13955: gcc -c -g -O2  conftest.c >&5
conftest.c: In function 'main':
conftest.c:94:22: error: expected expression before ')' token
 if (sizeof ((int32_t)))
                      ^
configure:13955: $? = 1
configure: failed program was:
| /* confdefs.h */
| #define PACKAGE_NAME "barnyard2"
| #define PACKAGE_TARNAME "barnyard2"
| #define PACKAGE_VERSION "1.14"
| #define PACKAGE_STRING "barnyard2 1.14"
| #define PACKAGE_BUGREPORT ""
| #define PACKAGE_URL ""
| #define PACKAGE "barnyard2"
| #define VERSION "1.14"
| #define STDC_HEADERS 1
| #define HAVE_SYS_TYPES_H 1
| #define HAVE_SYS_STAT_H 1
| #define HAVE_STDLIB_H 1
| #define HAVE_STRING_H 1
| #define HAVE_MEMORY_H 1
| #define HAVE_STRINGS_H 1
| #define HAVE_INTTYPES_H 1
| #define HAVE_STDINT_H 1
| #define HAVE_UNISTD_H 1
| #define HAVE_DLFCN_H 1
| #define LT_OBJDIR ".libs/"
| #define LINUX 1
| #define PCAP_TIMEOUT_IGNORED 1
| #define HAVE_STRINGS_H 1
| #define HAVE_STRING_H 1
| #define HAVE_STDLIB_H 1
| #define HAVE_UNISTD_H 1
| #define HAVE_PATHS_H 1
| #define HAVE_INTTYPES_H 1
| #define HAVE_WCHAR_H 1
| #define HAVE_MATH_H 1
| #define HAVE_LIBM 1
| #define HAVE_LIBM 1
| #define HAVE_LIBNSL 1
| #define HAVE_SNPRINTF 1
| #define HAVE_STRERROR 1
| #define HAVE_VSWPRINTF 1
| #define HAVE_WPRINTF 1
| #define SIZEOF_CHAR 1
| #define SIZEOF_SHORT 2
| #define SIZEOF_INT 4
| #define SIZEOF_LONG_INT 8
| #define SIZEOF_LONG_LONG_INT 8
| #define SIZEOF_UNSIGNED_INT 4
| #define SIZEOF_UNSIGNED_LONG_INT 8
| #define SIZEOF_UNSIGNED_LONG_LONG_INT 8
| #define HAVE_U_INT8_T 1
| #define HAVE_U_INT16_T 1
| #define HAVE_U_INT32_T 1
| #define HAVE_U_INT64_T 1
| #define HAVE_UINT8_T 1
| #define HAVE_UINT16_T 1
| #define HAVE_UINT32_T 1
| #define HAVE_UINT64_T 1
| #define HAVE_INT8_T 1
| #define HAVE_INT16_T 1
| /* end confdefs.h.  */
| #include <stdio.h>
| #ifdef HAVE_SYS_TYPES_H
| # include <sys/types.h>
| #endif
| #ifdef HAVE_SYS_STAT_H
| # include <sys/stat.h>
| #endif
| #ifdef STDC_HEADERS
| # include <stdlib.h>
| # include <stddef.h>
| #else
| # ifdef HAVE_STDLIB_H
| #  include <stdlib.h>
| # endif
| #endif
| #ifdef HAVE_STRING_H
| # if !defined STDC_HEADERS && defined HAVE_MEMORY_H
| #  include <memory.h>
| # endif
| # include <string.h>
| #endif
| #ifdef HAVE_STRINGS_H
| # include <strings.h>
| #endif
| #ifdef HAVE_INTTYPES_H
| # include <inttypes.h>
| #endif
| #ifdef HAVE_STDINT_H
| # include <stdint.h>
| #endif
| #ifdef HAVE_UNISTD_H
| # include <unistd.h>
| #endif
| int
| main ()
| {
| if (sizeof ((int32_t)))
| 	    return 0;
|   ;
|   return 0;
| }
configure:13955: result: yes
configure:13964: checking for int64_t
configure:13964: gcc -c -g -O2  conftest.c >&5
configure:13964: $? = 0
configure:13964: gcc -c -g -O2  conftest.c >&5
conftest.c: In function 'main':
conftest.c:95:22: error: expected expression before ')' token
 if (sizeof ((int64_t)))
                      ^
configure:13964: $? = 1
configure: failed program was:
| /* confdefs.h */
| #define PACKAGE_NAME "barnyard2"
| #define PACKAGE_TARNAME "barnyard2"
| #define PACKAGE_VERSION "1.14"
| #define PACKAGE_STRING "barnyard2 1.14"
| #define PACKAGE_BUGREPORT ""
| #define PACKAGE_URL ""
| #define PACKAGE "barnyard2"
| #define VERSION "1.14"
| #define STDC_HEADERS 1
| #define HAVE_SYS_TYPES_H 1
| #define HAVE_SYS_STAT_H 1
| #define HAVE_STDLIB_H 1
| #define HAVE_STRING_H 1
| #define HAVE_MEMORY_H 1
| #define HAVE_STRINGS_H 1
| #define HAVE_INTTYPES_H 1
| #define HAVE_STDINT_H 1
| #define HAVE_UNISTD_H 1
| #define HAVE_DLFCN_H 1
| #define LT_OBJDIR ".libs/"
| #define LINUX 1
| #define PCAP_TIMEOUT_IGNORED 1
| #define HAVE_STRINGS_H 1
| #define HAVE_STRING_H 1
| #define HAVE_STDLIB_H 1
| #define HAVE_UNISTD_H 1
| #define HAVE_PATHS_H 1
| #define HAVE_INTTYPES_H 1
| #define HAVE_WCHAR_H 1
| #define HAVE_MATH_H 1
| #define HAVE_LIBM 1
| #define HAVE_LIBM 1
| #define HAVE_LIBNSL 1
| #define HAVE_SNPRINTF 1
| #define HAVE_STRERROR 1
| #define HAVE_VSWPRINTF 1
| #define HAVE_WPRINTF 1
| #define SIZEOF_CHAR 1
| #define SIZEOF_SHORT 2
| #define SIZEOF_INT 4
| #define SIZEOF_LONG_INT 8
| #define SIZEOF_LONG_LONG_INT 8
| #define SIZEOF_UNSIGNED_INT 4
| #define SIZEOF_UNSIGNED_LONG_INT 8
| #define SIZEOF_UNSIGNED_LONG_LONG_INT 8
| #define HAVE_U_INT8_T 1
| #define HAVE_U_INT16_T 1
| #define HAVE_U_INT32_T 1
| #define HAVE_U_INT64_T 1
| #define HAVE_UINT8_T 1
| #define HAVE_UINT16_T 1
| #define HAVE_UINT32_T 1
| #define HAVE_UINT64_T 1
| #define HAVE_INT8_T 1
| #define HAVE_INT16_T 1
| #define HAVE_INT32_T 1
| /* end confdefs.h.  */
| #include <stdio.h>
| #ifdef HAVE_SYS_TYPES_H
| # include <sys/types.h>
| #endif
| #ifdef HAVE_SYS_STAT_H
| # include <sys/stat.h>
| #endif
| #ifdef STDC_HEADERS
| # include <stdlib.h>
| # include <stddef.h>
| #else
| # ifdef HAVE_STDLIB_H
| #  include <stdlib.h>
| # endif
| #endif
| #ifdef HAVE_STRING_H
| # if !defined STDC_HEADERS && defined HAVE_MEMORY_H
| #  include <memory.h>
| # endif
| # include <string.h>
| #endif
| #ifdef HAVE_STRINGS_H
| # include <strings.h>
| #endif
| #ifdef HAVE_INTTYPES_H
| # include <inttypes.h>
| #endif
| #ifdef HAVE_STDINT_H
| # include <stdint.h>
| #endif
| #ifdef HAVE_UNISTD_H
| # include <unistd.h>
| #endif
| int
| main ()
| {
| if (sizeof ((int64_t)))
| 	    return 0;
|   ;
|   return 0;
| }
configure:13964: result: yes
configure:13977: checking for INADDR_NONE
configure:14003: gcc -o conftest -g -O2   conftest.c -lnsl -lm -lm  >&5
configure:14003: $? = 0
configure:14003: ./conftest
configure:14003: $? = 0
configure:14012: result: yes
configure:14033: gcc -c -g -O2  conftest.c >&5
configure:14033: $? = 0
configure:14040: checking for __FUNCTION__
configure:14055: gcc -c -g -O2  conftest.c >&5
configure:14055: $? = 0
configure:14062: result: yes
configure:14168: checking pcap.h usability
configure:14168: gcc -c -g -O2  conftest.c >&5
configure:14168: $? = 0
configure:14168: result: yes
configure:14168: checking pcap.h presence
configure:14168: gcc -E  conftest.c
configure:14168: $? = 0
configure:14168: result: yes
configure:14168: checking for pcap.h
configure:14168: result: yes
configure:14265: checking for pcap_datalink in -lpcap
configure:14290: gcc -o conftest -g -O2   conftest.c -lpcap  -lnsl -lm -lm  >&5
configure:14290: $? = 0
configure:14299: result: yes
configure:14474: checking for sparc
configure:14488: result: no
configure:14919: checking for mysql
configure:15033: result: yes
configure:15037: checking for compress in -lz
configure:15062: gcc -o conftest -g -O2  -I/usr/include/mysql -DENABLE_MYSQL  -L/usr/lib/x86_64-linux-gnu conftest.c -lz  -lpcap -lnsl -lm -lm  >&5
configure:15062: $? = 0
configure:15071: result: yes
configure:15086: checking for mysql default client reconnect
configure:15111: gcc -o conftest -g -O2  -I/usr/include/mysql -DENABLE_MYSQL  -L/usr/lib/x86_64-linux-gnu conftest.c -lmysqlclient -lz -lpcap -lnsl -lm -lm  >&5
configure:15111: $? = 0
configure:15111: ./conftest
configure:15111: $? = 0
configure:15121: result: no
configure:15125: checking for mysql reconnect option
configure:15150: gcc -o conftest -g -O2  -I/usr/include/mysql -DENABLE_MYSQL  -L/usr/lib/x86_64-linux-gnu conftest.c -lmysqlclient -lz -lpcap -lnsl -lm -lm  >&5
configure:15150: $? = 0
configure:15150: ./conftest
configure:15150: $? = 0
configure:15160: result: yes
configure:15168: checking for mysql setting of reconnect option before connect bug
configure:15193: gcc -o conftest -g -O2  -I/usr/include/mysql -DENABLE_MYSQL  -L/usr/lib/x86_64-linux-gnu conftest.c -lmysqlclient -lz -lpcap -lnsl -lm -lm  >&5
configure:15193: $? = 0
configure:15193: ./conftest
configure:15193: $? = 0
configure:15203: result: no
configure:15973: checking for linuxthreads
configure:15985: result: no
configure:16140: checking that generated files are newer than configure
configure:16146: result: done
configure:16182: creating ./config.status

## ---------------------- ##
## Running config.status. ##
## ---------------------- ##

This file was extended by barnyard2 config.status 1.14, which was
generated by GNU Autoconf 2.69.  Invocation command line was

  CONFIG_FILES    = 
  CONFIG_HEADERS  = 
  CONFIG_LINKS    = 
  CONFIG_COMMANDS = 
  $ ./config.status 

on anushapc

config.status:1149: creating Makefile
config.status:1149: creating src/Makefile
config.status:1149: creating src/sfutil/Makefile
config.status:1149: creating src/input-plugins/Makefile
config.status:1149: creating src/output-plugins/Makefile
config.status:1149: creating etc/Makefile
config.status:1149: creating doc/Makefile
config.status:1149: creating rpm/Makefile
config.status:1149: creating schemas/Makefile
config.status:1149: creating m4/Makefile
config.status:1149: creating config.h
config.status:1330: config.h is unchanged
config.status:1378: executing depfiles commands
config.status:1378: executing libtool commands

## ---------------- ##
## Cache variables. ##
## ---------------- ##

ac_cv_build=x86_64-unknown-linux-gnu
ac_cv_c_bigendian=no
ac_cv_c_compiler_gnu=yes
ac_cv_env_CC_set=
ac_cv_env_CC_value=
ac_cv_env_CFLAGS_set=
ac_cv_env_CFLAGS_value=
ac_cv_env_CPPFLAGS_set=
ac_cv_env_CPPFLAGS_value=
ac_cv_env_CPP_set=
ac_cv_env_CPP_value=
ac_cv_env_LDFLAGS_set=
ac_cv_env_LDFLAGS_value=
ac_cv_env_LIBS_set=
ac_cv_env_LIBS_value=
ac_cv_env_build_alias_set=
ac_cv_env_build_alias_value=
ac_cv_env_host_alias_set=
ac_cv_env_host_alias_value=
ac_cv_env_target_alias_set=
ac_cv_env_target_alias_value=
ac_cv_func_snprintf=yes
ac_cv_func_strerror=yes
ac_cv_func_strlcat=no
ac_cv_func_strlcpy=no
ac_cv_func_vswprintf=yes
ac_cv_func_wprintf=yes
ac_cv_header_dlfcn_h=yes
ac_cv_header_inttypes_h=yes
ac_cv_header_math_h=yes
ac_cv_header_memory_h=yes
ac_cv_header_paths_h=yes
ac_cv_header_pcap_h=yes
ac_cv_header_stdc=yes
ac_cv_header_stdint_h=yes
ac_cv_header_stdlib_h=yes
ac_cv_header_string_h=yes
ac_cv_header_strings_h=yes
ac_cv_header_sys_sockio_h=no
ac_cv_header_sys_stat_h=yes
ac_cv_header_sys_types_h=yes
ac_cv_header_unistd_h=yes
ac_cv_header_wchar_h=yes
ac_cv_host=x86_64-unknown-linux-gnu
ac_cv_lib_m_ceil=yes
ac_cv_lib_m_floor=yes
ac_cv_lib_nsl_inet_ntoa=yes
ac_cv_lib_pcap_pcap_datalink=yes
ac_cv_lib_socket_socket=no
ac_cv_lib_z_compress=yes
ac_cv_objext=o
ac_cv_path_EGREP='/bin/grep -E'
ac_cv_path_FGREP='/bin/grep -F'
ac_cv_path_GREP=/bin/grep
ac_cv_path_SED=/bin/sed
ac_cv_path_install='/usr/bin/install -c'
ac_cv_path_mkdir=/bin/mkdir
ac_cv_prog_AWK=gawk
ac_cv_prog_CPP='gcc -E'
ac_cv_prog_LEX=flex
ac_cv_prog_YACC=bison
ac_cv_prog_ac_ct_AR=ar
ac_cv_prog_ac_ct_CC=gcc
ac_cv_prog_ac_ct_MANIFEST_TOOL=mt
ac_cv_prog_ac_ct_OBJDUMP=objdump
ac_cv_prog_ac_ct_RANLIB=ranlib
ac_cv_prog_ac_ct_STRIP=strip
ac_cv_prog_cc_c89=
ac_cv_prog_cc_c99=-std=gnu99
ac_cv_prog_cc_g=yes
ac_cv_prog_cc_stdc=-std=gnu99
ac_cv_prog_make_make_set=yes
ac_cv_sizeof_char=1
ac_cv_sizeof_int=4
ac_cv_sizeof_long_int=8
ac_cv_sizeof_long_long_int=8
ac_cv_sizeof_short=2
ac_cv_sizeof_unsigned_int=4
ac_cv_sizeof_unsigned_long_int=8
ac_cv_sizeof_unsigned_long_long_int=8
ac_cv_type_int16_t=yes
ac_cv_type_int32_t=yes
ac_cv_type_int64_t=yes
ac_cv_type_int8_t=yes
ac_cv_type_u_int16_t=yes
ac_cv_type_u_int32_t=yes
ac_cv_type_u_int64_t=yes
ac_cv_type_u_int8_t=yes
ac_cv_type_uint16_t=yes
ac_cv_type_uint32_t=yes
ac_cv_type_uint64_t=yes
ac_cv_type_uint8_t=yes
am_cv_CC_dependencies_compiler_type=none
am_cv_make_support_nested_variables=yes
am_cv_prog_cc_c_o=yes
lt_cv_ar_at_file=@
lt_cv_archive_cmds_need_lc=no
lt_cv_deplibs_check_method=pass_all
lt_cv_file_magic_cmd='$MAGIC_CMD'
lt_cv_file_magic_test_file=
lt_cv_ld_reload_flag=-r
lt_cv_nm_interface='BSD nm'
lt_cv_objdir=.libs
lt_cv_path_LD=/usr/bin/ld
lt_cv_path_NM='/usr/bin/nm -B'
lt_cv_path_mainfest_tool=no
lt_cv_prog_compiler_c_o=yes
lt_cv_prog_compiler_pic='-fPIC -DPIC'
lt_cv_prog_compiler_pic_works=yes
lt_cv_prog_compiler_rtti_exceptions=no
lt_cv_prog_compiler_static_works=yes
lt_cv_prog_gnu_ld=yes
lt_cv_sharedlib_from_linklib_cmd='printf %s\n'
lt_cv_shlibpath_overrides_runpath=no
lt_cv_sys_global_symbol_pipe='sed -n -e '\''s/^.*[	 ]\([ABCDGIRSTW][ABCDGIRSTW]*\)[	 ][	 ]*\([_A-Za-z][_A-Za-z0-9]*\)$/\1 \2 \2/p'\'' | sed '\''/ __gnu_lto/d'\'''
lt_cv_sys_global_symbol_to_c_name_address='sed -n -e '\''s/^: \([^ ]*\)[ ]*$/  {\"\1\", (void *) 0},/p'\'' -e '\''s/^[ABCDGIRSTW]* \([^ ]*\) \([^ ]*\)$/  {"\2", (void *) \&\2},/p'\'''
lt_cv_sys_global_symbol_to_c_name_address_lib_prefix='sed -n -e '\''s/^: \([^ ]*\)[ ]*$/  {\"\1\", (void *) 0},/p'\'' -e '\''s/^[ABCDGIRSTW]* \([^ ]*\) \(lib[^ ]*\)$/  {"\2", (void *) \&\2},/p'\'' -e '\''s/^[ABCDGIRSTW]* \([^ ]*\) \([^ ]*\)$/  {"lib\2", (void *) \&\2},/p'\'''
lt_cv_sys_global_symbol_to_cdecl='sed -n -e '\''s/^T .* \(.*\)$/extern int \1();/p'\'' -e '\''s/^[ABCDGIRSTW]* .* \(.*\)$/extern char \1;/p'\'''
lt_cv_sys_max_cmd_len=1572864
lt_cv_to_host_file_cmd=func_convert_file_noop
lt_cv_to_tool_file_cmd=func_convert_file_noop
sn_cv_decl_needed_bcopy=no
sn_cv_decl_needed_bzero=no
sn_cv_decl_needed_fclose=no
sn_cv_decl_needed_fflush=no
sn_cv_decl_needed_fopen=no
sn_cv_decl_needed_fprintf=no
sn_cv_decl_needed_fputc=no
sn_cv_decl_needed_fputs=no
sn_cv_decl_needed_fwrite=no
sn_cv_decl_needed_getopt=no
sn_cv_decl_needed_memset=no
sn_cv_decl_needed_perror=no
sn_cv_decl_needed_printf=no
sn_cv_decl_needed_puts=no
sn_cv_decl_needed_sendto=no
sn_cv_decl_needed_snprintf=no
sn_cv_decl_needed_socket=no
sn_cv_decl_needed_strcasecmp=no
sn_cv_decl_needed_strerror=no
sn_cv_decl_needed_strncasecmp=no
sn_cv_decl_needed_strtol=no
sn_cv_decl_needed_strtoul=no
sn_cv_decl_needed_syslog=no
sn_cv_decl_needed_vsnprintf=no
sn_cv_have___FUNCTION__=yes

## ----------------- ##
## Output variables. ##
## ----------------- ##

ACLOCAL='${SHELL} /home/anusha/snort_src/barnyard2-master/missing aclocal-1.14'
AMDEPBACKSLASH='\'
AMDEP_FALSE='#'
AMDEP_TRUE=''
AMTAR='$${TAR-tar}'
AM_BACKSLASH='\'
AM_CPPFLAGS='-I$(top_srcdir) -I$(top_srcdir)/src -I$(top_srcdir)/src/sfutil $(extra_incl) -I$(top_srcdir)/src/output-plugins -I$(top_srcdir)/src/input-plugins'
AM_DEFAULT_V='$(AM_DEFAULT_VERBOSITY)'
AM_DEFAULT_VERBOSITY='1'
AM_V='$(V)'
AR='ar'
AUTOCONF='${SHELL} /home/anusha/snort_src/barnyard2-master/missing autoconf'
AUTOHEADER='${SHELL} /home/anusha/snort_src/barnyard2-master/missing autoheader'
AUTOMAKE='${SHELL} /home/anusha/snort_src/barnyard2-master/missing automake-1.14'
AWK='gawk'
CC='gcc'
CCDEPMODE='depmode=none'
CFLAGS='-g -O2 -fno-strict-aliasing -Wall'
CPP='gcc -E'
CPPFLAGS='-I/usr/include/mysql -DENABLE_MYSQL'
CYGPATH_W='echo'
DEFS='-DHAVE_CONFIG_H'
DEPDIR='.deps'
DLLTOOL='false'
DSYMUTIL=''
DUMPBIN=''
ECHO_C=''
ECHO_N='-n'
ECHO_T=''
EGREP='/bin/grep -E'
EXEEXT=''
FGREP='/bin/grep -F'
GREP='/bin/grep'
HAVE_SUP_IP6_FALSE=''
HAVE_SUP_IP6_TRUE='#'
INSTALL_DATA='${INSTALL} -m 644'
INSTALL_PROGRAM='${INSTALL}'
INSTALL_SCRIPT='${INSTALL}'
INSTALL_STRIP_PROGRAM='$(install_sh) -c -s'
LD='/usr/bin/ld -m elf_x86_64'
LDFLAGS=' -L/usr/lib/x86_64-linux-gnu'
LEX='flex'
LIBOBJS=''
LIBPRELUDE_CFLAGS=''
LIBPRELUDE_CONFIG=''
LIBPRELUDE_CONFIG_PREFIX=''
LIBPRELUDE_LDFLAGS=''
LIBPRELUDE_LIBS=''
LIBPRELUDE_PREFIX=''
LIBPRELUDE_PTHREAD_CFLAGS=''
LIBS='-lmysqlclient -lz -lpcap -lnsl -lm -lm '
LIBTOOL='$(SHELL) $(top_builddir)/libtool'
LIPO=''
LN_S='ln -s'
LTLIBOBJS=''
MAINT='#'
MAINTAINER_MODE_FALSE=''
MAINTAINER_MODE_TRUE='#'
MAKEINFO='${SHELL} /home/anusha/snort_src/barnyard2-master/missing makeinfo'
MANIFEST_TOOL=':'
MKDIR_P='/bin/mkdir -p'
NM='/usr/bin/nm -B'
NMEDIT=''
OBJDUMP='objdump'
OBJEXT='o'
OTOOL64=''
OTOOL=''
PACKAGE='barnyard2'
PACKAGE_BUGREPORT=''
PACKAGE_NAME='barnyard2'
PACKAGE_STRING='barnyard2 1.14'
PACKAGE_TARNAME='barnyard2'
PACKAGE_URL=''
PACKAGE_VERSION='1.14'
PATH_SEPARATOR=':'
RANLIB='ranlib'
SED='/bin/sed'
SET_MAKE=''
SHELL='/bin/bash'
STRIP='strip'
TCLSH=''
VERSION='1.14'
YACC='bison -y'
ac_ct_AR='ar'
ac_ct_CC='gcc'
ac_ct_DUMPBIN=''
am__EXEEXT_FALSE=''
am__EXEEXT_TRUE='#'
am__fastdepCC_FALSE=''
am__fastdepCC_TRUE='#'
am__include='include'
am__isrc=''
am__leading_dot='.'
am__nodep='_no'
am__quote=''
am__tar='$${TAR-tar} chof - "$$tardir"'
am__untar='$${TAR-tar} xf -'
bindir='${exec_prefix}/bin'
build='x86_64-unknown-linux-gnu'
build_alias=''
build_cpu='x86_64'
build_os='linux-gnu'
build_vendor='unknown'
datadir='${datarootdir}'
datarootdir='${prefix}/share'
docdir='${datarootdir}/doc/${PACKAGE_TARNAME}'
dvidir='${docdir}'
exec_prefix='${prefix}'
extra_incl='-I/usr/include/pcap'
host='x86_64-unknown-linux-gnu'
host_alias=''
host_cpu='x86_64'
host_os='linux-gnu'
host_vendor='unknown'
htmldir='${docdir}'
includedir='${prefix}/include'
infodir='${datarootdir}/info'
install_sh='${SHELL} /home/anusha/snort_src/barnyard2-master/install-sh'
libdir='${exec_prefix}/lib'
libexecdir='${exec_prefix}/libexec'
localedir='${datarootdir}/locale'
localstatedir='${prefix}/var'
mandir='${datarootdir}/man'
mkdir_p='$(MKDIR_P)'
oldincludedir='/usr/include'
pdfdir='${docdir}'
prefix='/usr/local'
program_transform_name='s,x,x,'
psdir='${docdir}'
sbindir='${exec_prefix}/sbin'
sharedstatedir='${prefix}/com'
sysconfdir='${prefix}/etc'
target_alias=''

## ----------- ##
## confdefs.h. ##
## ----------- ##

/* confdefs.h */
#define PACKAGE_NAME "barnyard2"
#define PACKAGE_TARNAME "barnyard2"
#define PACKAGE_VERSION "1.14"
#define PACKAGE_STRING "barnyard2 1.14"
#define PACKAGE_BUGREPORT ""
#define PACKAGE_URL ""
#define PACKAGE "barnyard2"
#define VERSION "1.14"
#define STDC_HEADERS 1
#define HAVE_SYS_TYPES_H 1
#define HAVE_SYS_STAT_H 1
#define HAVE_STDLIB_H 1
#define HAVE_STRING_H 1
#define HAVE_MEMORY_H 1
#define HAVE_STRINGS_H 1
#define HAVE_INTTYPES_H 1
#define HAVE_STDINT_H 1
#define HAVE_UNISTD_H 1
#define HAVE_DLFCN_H 1
#define LT_OBJDIR ".libs/"
#define LINUX 1
#define PCAP_TIMEOUT_IGNORED 1
#define HAVE_STRINGS_H 1
#define HAVE_STRING_H 1
#define HAVE_STDLIB_H 1
#define HAVE_UNISTD_H 1
#define HAVE_PATHS_H 1
#define HAVE_INTTYPES_H 1
#define HAVE_WCHAR_H 1
#define HAVE_MATH_H 1
#define HAVE_LIBM 1
#define HAVE_LIBM 1
#define HAVE_LIBNSL 1
#define HAVE_SNPRINTF 1
#define HAVE_STRERROR 1
#define HAVE_VSWPRINTF 1
#define HAVE_WPRINTF 1
#define SIZEOF_CHAR 1
#define SIZEOF_SHORT 2
#define SIZEOF_INT 4
#define SIZEOF_LONG_INT 8
#define SIZEOF_LONG_LONG_INT 8
#define SIZEOF_UNSIGNED_INT 4
#define SIZEOF_UNSIGNED_LONG_INT 8
#define SIZEOF_UNSIGNED_LONG_LONG_INT 8
#define HAVE_U_INT8_T 1
#define HAVE_U_INT16_T 1
#define HAVE_U_INT32_T 1
#define HAVE_U_INT64_T 1
#define HAVE_UINT8_T 1
#define HAVE_UINT16_T 1
#define HAVE_UINT32_T 1
#define HAVE_UINT64_T 1
#define HAVE_INT8_T 1
#define HAVE_INT16_T 1
#define HAVE_INT32_T 1
#define HAVE_INT64_T 1
#define ERRLIST_PREDEFINED 1
#define HAVE___FUNCTION__ 1
#define HAVE_PCAP_H 1
#define HAVE_LIBPCAP 1
#define HAVE_LIBZ 1
#define MYSQL_HAS_OPT_RECONNECT 1

configure: exit 0
